C51 COMPILER V9.60.0.0   MAIN                                                              01/29/2024 00:24:31 PAGE 1   


C51 COMPILER V9.60.0.0, COMPILATION OF MODULE MAIN
OBJECT MODULE PLACED IN .\output\main.obj
COMPILER INVOKED BY: C:\Keil_v5\C51\BIN\C51.EXE user\main.c ROM(COMPACT) OPTIMIZE(8,SPEED) BROWSE INCDIR(.\user;.\STD_LI
                    -B) DEBUG OBJECTEXTEND PRINT(.\output\main.lst) TABS(2) OBJECT(.\output\main.obj)

line level    source

   1          // #include "Type_def.h"
   2          #include "define.h"
   3          // #include "delay.h"
   4          
   5          // #include "STC8G_H_GPIO.h"
   6          // #include "STC8G_H_UART.h"
   7          // #include "STC8G_H_Soft_UART.h"
   8          
   9          int main()
  10          {
  11   1      
  12   1          // P0_MODE_IO_PU(GPIO_Pin_All);             // P0 设置为准双向口
  13   1          // P1_MODE_IN_HIZ(GPIO_Pin_LOW);            // P1.0~P1.3 设置为高阻输入
  14   1          // P1_MODE_OUT_OD(GPIO_Pin_4 | GPIO_Pin_5); // P1.4,P1.5 设置为漏极开路
  15   1          // P2_MODE_IO_PU(GPIO_Pin_All);             // P2 设置为准双向口
  16   1          // P3_MODE_IO_PU(GPIO_Pin_LOW);             // P3.0~P3.3 设置为准双向口
  17   1          // P3_MODE_IO_PU(GPIO_Pin_HIGH);            // P3.4~P3.7 设置为准双向口
  18   1          // // P3_MODE_IN_HIZ(GPIO_Pin_6 | GPIO_Pin_7);    //P3.6,P3.7 设置为高阻输入
  19   1          // P4_MODE_IO_PU(GPIO_Pin_0 | GPIO_Pin_6 | GPIO_Pin_7); // P4.0,P4.6,P4.7 设置为准双向口
  20   1          // P6_MODE_IO_PU(GPIO_Pin_All);                         // P6 设置为准双向口
  21   1          // P7_MODE_IO_PU(GPIO_Pin_All);                         // P7 设置为准双向口
  22   1      
  23   1          // P1_PULL_UP_ENABLE(GPIO_Pin_4 | GPIO_Pin_5); // P1.4,P1.5 开启内部上拉
  24   1      
  25   1          P1M0 = 0x00;
  26   1          P1M1 = 0x00;
  27   1          P3M0 = 0x00;
  28   1          P3M1 = 0x00;
  29   1          P5M0 = 0x00;
  30   1          P5M1 = 0x00;
  31   1          // 初始化
  32   1      
  33   1          SCON = 0x50;
  34   1          T2L  = 0xe8; // 65536-11059200/115200/4=0FFE8H
  35   1          T2H  = 0xff;
  36   1          AUXR = 0x15; // 启动定时器
  37   1          ES   = 1;    // 使能串口中断
  38   1          EA   = 1;    // 打开总中断
  39   1          SBUF = 0x5a;
  40   1      
  41   1          while (1) {
  42   2      
  43   2              SBUF = 0x5a;
  44   2              // delay_ms(1);
  45   2      
  46   2              // SBUF = 0x5a;
  47   2              // delay_ms(1);
  48   2          }
  49   1      }
  50          void UART1_Isr() interrupt 4
  51          {
  52   1          if (TI) {
  53   2              TI  = 0;    // 清中断标志
  54   2              P55 = !P55; // 测试端口
C51 COMPILER V9.60.0.0   MAIN                                                              01/29/2024 00:24:31 PAGE 2   

  55   2          }
  56   1          if (RI) {
  57   2              RI  = 0;    // 清中断标志
  58   2              P55 = !P55; // 测试端口
  59   2          }
  60   1      }


MODULE INFORMATION:   STATIC OVERLAYABLE
   CODE SIZE        =     52    ----
   CONSTANT SIZE    =   ----    ----
   XDATA SIZE       =   ----    ----
   PDATA SIZE       =   ----    ----
   DATA SIZE        =   ----    ----
   IDATA SIZE       =   ----    ----
   BIT SIZE         =   ----    ----
END OF MODULE INFORMATION.


C51 COMPILATION COMPLETE.  0 WARNING(S),  0 ERROR(S)
