[2024-01-29 00:01:28] : Begin
--------------------
*MCUTYPE* : STC8G1K08A-8PIN
*FILENAME* : D:\GIT-Sync\STC8G1K08_Orin\build\Target 1\111.hex
*FILETIME* : 2024年01月28日, 22:49:25
*FILESIZE* : 388 (0x000184)
*CODESIZE* : 138 (0x00008A)
*CHECKSUM* : 0x000046B4
*ISPMODE* : 2
*ISPRESULT* : -1
--------------------
[2024-01-29 00:01:32] : End
--------------------------------------------------
[2024-01-29 00:01:34] : Begin
--------------------
*MCUTYPE* : STC8G1K08A-8PIN
*MCUID* : F794C4D40E9156
*FILENAME* : D:\GIT-Sync\STC8G1K08_Orin\build\Target 1\111.hex
*FILETIME* : 2024年01月28日, 22:49:25
*FILESIZE* : 388 (0x000184)
*CODESIZE* : 138 (0x00008A)
*CHECKSUM* : 0x000046B4
*ISPMODE* : 2
*ISPRESULT* : 0
--------------------
[2024-01-29 00:01:38] : End
--------------------------------------------------
[2024-01-29 00:02:44] : Begin
--------------------
*MCUTYPE* : STC8G1K08A-8PIN
*FILENAME* : D:\GIT-Sync\STC8G1K08_Orin\build\Target 1\111.hex
*FILETIME* : 2024年01月28日, 22:49:25
*FILESIZE* : 388 (0x000184)
*CODESIZE* : 138 (0x00008A)
*CHECKSUM* : 0x000046B4
*ISPMODE* : 2
*ISPRESULT* : -1
--------------------
[2024-01-29 00:02:45] : End
--------------------------------------------------
[2024-01-29 00:02:48] : Begin
--------------------
*MCUTYPE* : STC8G1K08A-8PIN
*FILENAME* : D:\GIT-Sync\STC8G1K08_Orin\build\Target 1\111.hex
*FILETIME* : 2024年01月28日, 22:49:25
*FILESIZE* : 388 (0x000184)
*CODESIZE* : 138 (0x00008A)
*CHECKSUM* : 0x000046B4
*ISPMODE* : 2
*ISPRESULT* : 3
--------------------
[2024-01-29 00:02:52] : End
--------------------------------------------------
[2024-01-29 00:02:53] : Begin
--------------------
*MCUTYPE* : STC8G1K08A-8PIN
*FILENAME* : D:\GIT-Sync\STC8G1K08_Orin\build\Target 1\111.hex
*FILETIME* : 2024年01月28日, 22:49:25
*FILESIZE* : 388 (0x000184)
*CODESIZE* : 138 (0x00008A)
*CHECKSUM* : 0x000046B4
*ISPMODE* : 2
*ISPRESULT* : -1
--------------------
[2024-01-29 00:02:55] : End
--------------------------------------------------
[2024-01-29 00:04:15] : Begin
--------------------
*MCUTYPE* : STC8G1K08A-8PIN
*FILENAME* : D:\GIT-Sync\STC8G1K08_Orin\build\Target 1\111.hex
*FILETIME* : 2024年01月28日, 22:49:25
*FILESIZE* : 388 (0x000184)
*CODESIZE* : 138 (0x00008A)
*CHECKSUM* : 0x000046B4
*ISPMODE* : 2
*ISPRESULT* : -1
--------------------
[2024-01-29 00:04:17] : End
--------------------------------------------------
[2024-01-29 00:04:19] : Begin
--------------------
*MCUTYPE* : STC8G1K08A-8PIN
*MCUID* : F794C4C310DE99
*FILENAME* : D:\GIT-Sync\STC8G1K08_Orin\build\Target 1\111.hex
*FILETIME* : 2024年01月28日, 22:49:25
*FILESIZE* : 388 (0x000184)
*CODESIZE* : 138 (0x00008A)
*CHECKSUM* : 0x000046B4
*ISPMODE* : 2
*ISPRESULT* : 0
--------------------
[2024-01-29 00:04:22] : End
--------------------------------------------------
[2024-01-29 00:07:43] : Begin
--------------------
*MCUTYPE* : STC8G1K08A-8PIN
*MCUID* : F794C4D40E9156
*FILENAME* : D:\GIT-Sync\STC8G1K08_Orin\build\Target 1\111.hex
*FILETIME* : 2024年01月28日, 22:49:25
*FILESIZE* : 388 (0x000184)
*CODESIZE* : 138 (0x00008A)
*CHECKSUM* : 0x000046B4
*ISPMODE* : 2
*ISPRESULT* : 0
--------------------
[2024-01-29 00:07:48] : End
--------------------------------------------------
[2024-01-29 00:18:54] : Begin
--------------------
*MCUTYPE* : STC8G1K08A-8PIN
*MCUID* : F794C4D40E9156
*FILENAME* : D:\GIT-Sync\STC8G1K08_Orin\build\Target 1\111.hex
*FILETIME* : 2024年01月28日, 22:49:25
*FILESIZE* : 388 (0x000184)
*CODESIZE* : 138 (0x00008A)
*CHECKSUM* : 0x000046B4
*ISPMODE* : 2
*ISPRESULT* : 0
--------------------
[2024-01-29 00:18:58] : End
--------------------------------------------------
[2024-01-29 00:19:23] : Begin
--------------------
*MCUTYPE* : STC8G1K08A-8PIN
*MCUID* : F794C4D40E9156
*FILENAME* : D:\GIT-Sync\STC8G1K08_Orin\build\Target 1\111.hex
*FILETIME* : 2024年01月29日, 00:19:20
*FILESIZE* : 400 (0x000190)
*CODESIZE* : 138 (0x00008A)
*CHECKSUM* : 0x000046B4
*ISPMODE* : 2
*ISPRESULT* : 0
--------------------
[2024-01-29 00:19:26] : End
--------------------------------------------------
[2024-01-29 00:20:01] : Begin
--------------------
*MCUTYPE* : STC8G1K08A-8PIN
*MCUID* : F794C4D40E9156
*FILENAME* : D:\GIT-Sync\STC8G1K08_Orin\build\Target 1\111.hex
*FILETIME* : 2024年01月29日, 00:19:58
*FILESIZE* : 400 (0x000190)
*CODESIZE* : 144 (0x000090)
*CHECKSUM* : 0x0000498A
*ISPMODE* : 2
*ISPRESULT* : 0
--------------------
[2024-01-29 00:20:05] : End
--------------------------------------------------
[2024-01-29 00:22:05] : Begin
--------------------
*MCUTYPE* : STC8G1K08A-8PIN
*MCUID* : F794C4D40E9156
*FILENAME* : D:\GIT-Sync\STC8G1K08_Orin\build\Target 1\111.hex
*FILETIME* : 2024年01月29日, 00:22:03
*FILESIZE* : 294 (0x000126)
*CODESIZE* : 144 (0x000090)
*CHECKSUM* : 0x000048C4
*ISPMODE* : 2
*ISPRESULT* : 0
--------------------
[2024-01-29 00:22:09] : End
--------------------------------------------------
[2024-01-29 00:22:31] : Begin
--------------------
*MCUTYPE* : STC8G1K08A-8PIN
*MCUID* : F794C4D40E9156
*FILENAME* : D:\GIT-Sync\STC8G1K08_Orin\build\Target 1\111.hex
*FILETIME* : 2024年01月29日, 00:22:30
*FILESIZE* : 294 (0x000126)
*CODESIZE* : 100 (0x000064)
*CHECKSUM* : 0x00003702
*ISPMODE* : 2
*ISPRESULT* : 0
--------------------
[2024-01-29 00:22:35] : End
--------------------------------------------------
[2024-01-29 00:26:54] : Begin
--------------------
*MCUTYPE* : STC8G1K08A-8PIN
*MCUID* : F794C4D40E9156
*FILENAME* : D:\GIT-Sync\STC8G1K08_Orin\output\111.hex
*FILETIME* : 2024年01月29日, 00:25:29
*FILESIZE* : 710 (0x0002C6)
*CODESIZE* : 219 (0x0000DB)
*CHECKSUM* : 0x00006A03
*ISPMODE* : 2
*ISPRESULT* : 0
--------------------
[2024-01-29 00:26:58] : End
--------------------------------------------------
[2024-01-29 00:35:49] : Begin
--------------------
*MCUTYPE* : STC8G1K08A-8PIN
*FILENAME* : D:\GIT-Sync\STC8G1K08_Orin\output\111.hex
*FILETIME* : 2024年01月29日, 00:25:29
*FILESIZE* : 710 (0x0002C6)
*CODESIZE* : 219 (0x0000DB)
*CHECKSUM* : 0x00006A03
*ISPMODE* : 2
*ISPRESULT* : 3
--------------------
[2024-01-29 00:35:52] : End
--------------------------------------------------
[2024-01-29 00:36:07] : Begin
--------------------
*MCUTYPE* : STC8G1K08A-8PIN
*MCUID* : F794C4D40E9156
*FILENAME* : D:\GIT-Sync\STC8G1K08_Orin\build\Target 1\111.hex
*FILETIME* : 2024年01月29日, 00:35:29
*FILESIZE* : 695 (0x0002B7)
*CODESIZE* : 247 (0x0000F7)
*CHECKSUM* : 0x0000834B
*ISPMODE* : 2
*ISPRESULT* : 0
--------------------
[2024-01-29 00:36:10] : End
--------------------------------------------------
[2024-01-29 00:42:47] : Begin
--------------------
*MCUTYPE* : STC8G1K08A-8PIN
*MCUID* : F794C4D40E9156
*FILENAME* : D:\GIT-Sync\STC8G1K08_Orin\build\Target 1\111.hex
*FILETIME* : 2024年01月29日, 00:42:38
*FILESIZE* : 711 (0x0002C7)
*CODESIZE* : 247 (0x0000F7)
*CHECKSUM* : 0x0000834B
*ISPMODE* : 2
*ISPRESULT* : 0
--------------------
[2024-01-29 00:42:50] : End
--------------------------------------------------
[2024-01-29 00:46:04] : Begin
--------------------
*MCUTYPE* : STC8G1K08A-8PIN
*FILENAME* : D:\GIT-Sync\STC8G1K08_Orin\build\Target 1\111.hex
*FILETIME* : 2024年01月29日, 00:46:00
*FILESIZE* : 799 (0x00031F)
*CODESIZE* : 255 (0x0000FF)
*CHECKSUM* : 0x000085FE
*ISPMODE* : 2
*ISPRESULT* : -1
--------------------
[2024-01-29 00:46:08] : End
--------------------------------------------------
[2024-01-29 00:46:13] : Begin
--------------------
*MCUTYPE* : STC8G1K08A-8PIN
*MCUID* : F794C4D40E9156
*FILENAME* : D:\GIT-Sync\STC8G1K08_Orin\build\Target 1\111.hex
*FILETIME* : 2024年01月29日, 00:46:00
*FILESIZE* : 799 (0x00031F)
*CODESIZE* : 281 (0x000119)
*CHECKSUM* : 0x00008BF4
*ISPMODE* : 2
*ISPRESULT* : 0
--------------------
[2024-01-29 00:46:18] : End
--------------------------------------------------
[2024-01-29 00:48:59] : Begin
--------------------
*MCUTYPE* : STC8G1K08A-8PIN
*MCUID* : F794C4D40E9156
*FILENAME* : D:\GIT-Sync\STC8G1K08_Orin\build\Target 1\111.hex
*FILETIME* : 2024年01月29日, 00:48:55
*FILESIZE* : 744 (0x0002E8)
*CODESIZE* : 281 (0x000119)
*CHECKSUM* : 0x00008BF4
*ISPMODE* : 2
*ISPRESULT* : 0
--------------------
[2024-01-29 00:49:07] : End
--------------------------------------------------
[2024-01-29 00:56:22] : Begin
--------------------
*MCUTYPE* : STC8G1K08A-8PIN
*MCUID* : F794C4D40E9156
*FILENAME* : D:\GIT-Sync\STC8G1K08_Orin\build\Target 1\111.hex
*FILETIME* : 2024年01月29日, 00:56:19
*FILESIZE* : 736 (0x0002E0)
*CODESIZE* : 281 (0x000119)
*CHECKSUM* : 0x000092D9
*ISPMODE* : 2
*ISPRESULT* : 0
--------------------
[2024-01-29 00:56:26] : End
--------------------------------------------------
[2024-01-29 00:56:41] : Begin
--------------------
*MCUTYPE* : STC8G1K08A-8PIN
*MCUID* : F794C4D40E9156
*FILENAME* : D:\GIT-Sync\STC8G1K08_Orin\build\Target 1\111.hex
*FILETIME* : 2024年01月29日, 00:56:37
*FILESIZE* : 736 (0x0002E0)
*CODESIZE* : 281 (0x000119)
*CHECKSUM* : 0x000093CF
*ISPMODE* : 2
*ISPRESULT* : 0
--------------------
[2024-01-29 00:56:45] : End
--------------------------------------------------
[2024-01-29 00:57:36] : Begin
--------------------
*MCUTYPE* : STC8G1K08A-8PIN
*MCUID* : F794C4D40E9156
*FILENAME* : D:\GIT-Sync\STC8G1K08_Orin\build\Target 1\111.hex
*FILETIME* : 2024年01月29日, 00:57:33
*FILESIZE* : 736 (0x0002E0)
*CODESIZE* : 281 (0x000119)
*CHECKSUM* : 0x00009420
*ISPMODE* : 2
*ISPRESULT* : 0
--------------------
[2024-01-29 00:57:40] : End
--------------------------------------------------
[2024-01-29 00:58:14] : Begin
--------------------
*MCUTYPE* : STC8G1K08A-8PIN
*MCUID* : F794C4D40E9156
*FILENAME* : D:\GIT-Sync\STC8G1K08_Orin\build\Target 1\111.hex
*FILETIME* : 2024年01月29日, 00:58:14
*FILESIZE* : 736 (0x0002E0)
*CODESIZE* : 281 (0x000119)
*CHECKSUM* : 0x0000939E
*ISPMODE* : 2
*ISPRESULT* : 0
--------------------
[2024-01-29 00:58:22] : End
--------------------------------------------------
[2024-01-29 00:58:44] : Begin
--------------------
*MCUTYPE* : STC8G1K08A-8PIN
*MCUID* : F794C4D40E9156
*FILENAME* : D:\GIT-Sync\STC8G1K08_Orin\build\Target 1\111.hex
*FILETIME* : 2024年01月29日, 00:58:44
*FILESIZE* : 736 (0x0002E0)
*CODESIZE* : 281 (0x000119)
*CHECKSUM* : 0x0000940E
*ISPMODE* : 2
*ISPRESULT* : 0
--------------------
[2024-01-29 00:58:48] : End
--------------------------------------------------
[2024-01-29 00:59:21] : Begin
--------------------
*MCUTYPE* : STC8G1K08A-8PIN
*MCUID* : F794C4D40E9156
*FILENAME* : D:\GIT-Sync\STC8G1K08_Orin\build\Target 1\111.hex
*FILETIME* : 2024年01月29日, 00:59:21
*FILESIZE* : 736 (0x0002E0)
*CODESIZE* : 281 (0x000119)
*CHECKSUM* : 0x0000940E
*ISPMODE* : 2
*ISPRESULT* : 0
--------------------
[2024-01-29 00:59:28] : End
--------------------------------------------------
[2024-01-29 01:06:19] : Begin
--------------------
*MCUTYPE* : STC8G1K08A-8PIN
*MCUID* : F794C4D40E9156
*FILENAME* : D:\GIT-Sync\STC8G1K08_Orin\build\Target 1\111.hex
*FILETIME* : 2024年01月29日, 01:06:19
*FILESIZE* : 736 (0x0002E0)
*CODESIZE* : 281 (0x000119)
*CHECKSUM* : 0x000093EA
*ISPMODE* : 2
*ISPRESULT* : 0
--------------------
[2024-01-29 01:06:23] : End
--------------------------------------------------
[2024-01-29 01:12:52] : Begin
--------------------
*MCUTYPE* : STC8G1K08A-8PIN
*MCUID* : F794C4D40E9156
*FILENAME* : D:\GIT-Sync\STC8G1K08_Orin\build\Target 1\111.hex
*FILETIME* : 2024年01月29日, 01:06:19
*FILESIZE* : 736 (0x0002E0)
*CODESIZE* : 281 (0x000119)
*CHECKSUM* : 0x000093EA
*ISPMODE* : 2
*ISPRESULT* : 0
--------------------
[2024-01-29 01:12:56] : End
--------------------------------------------------
[2024-01-29 01:21:44] : Begin
--------------------
*MCUTYPE* : STC8G1K08A-8PIN
*MCUID* : F794C4D40E9156
*FILENAME* : D:\GIT-Sync\STC8G1K08_Orin\build\Target 1\111.hex
*FILETIME* : 2024年01月29日, 01:21:43
*FILESIZE* : 703 (0x0002BF)
*CODESIZE* : 281 (0x000119)
*CHECKSUM* : 0x00009444
*ISPMODE* : 2
*ISPRESULT* : 0
--------------------
[2024-01-29 01:21:47] : End
--------------------------------------------------
[2024-01-29 01:23:07] : Begin
--------------------
*MCUTYPE* : STC8G1K08A-8PIN
*MCUID* : F794C4D40E9156
*FILENAME* : D:\GIT-Sync\STC8G1K08_Orin\build\Target 1\111.hex
*FILETIME* : 2024年01月29日, 01:23:06
*FILESIZE* : 795 (0x00031B)
*CODESIZE* : 281 (0x000119)
*CHECKSUM* : 0x00008C22
*ISPMODE* : 2
*ISPRESULT* : 0
--------------------
[2024-01-29 01:23:13] : End
--------------------------------------------------
[2024-01-29 01:23:33] : Begin
--------------------
*MCUTYPE* : STC8G1K08A-8PIN
*MCUID* : F794C4D40E9156
*FILENAME* : D:\GIT-Sync\STC8G1K08_Orin\build\Target 1\111.hex
*FILETIME* : 2024年01月29日, 01:23:32
*FILESIZE* : 709 (0x0002C5)
*CODESIZE* : 281 (0x000119)
*CHECKSUM* : 0x00009458
*ISPMODE* : 2
*ISPRESULT* : 0
--------------------
[2024-01-29 01:23:36] : End
--------------------------------------------------
[2024-01-29 01:23:44] : Begin
--------------------
*MCUTYPE* : STC8G1K08A-8PIN
*MCUID* : F794C4D40E9156
*FILENAME* : D:\GIT-Sync\STC8G1K08_Orin\build\Target 1\111.hex
*FILETIME* : 2024年01月29日, 01:23:43
*FILESIZE* : 736 (0x0002E0)
*CODESIZE* : 281 (0x000119)
*CHECKSUM* : 0x0000944D
*ISPMODE* : 2
*ISPRESULT* : 0
--------------------
[2024-01-29 01:23:46] : End
--------------------------------------------------
[2024-01-29 20:45:12] : Begin
--------------------
*MCUTYPE* : STC8G1K08A-8PIN
*FILENAME* : D:\GIT-Sync\STC8G1K08_Orin\build\Target 1\111.hex
*FILETIME* : 2024年01月29日, 01:23:43
*FILESIZE* : 736 (0x0002E0)
*CODESIZE* : 265 (0x000109)
*CHECKSUM* : 0x00008C1E
*ISPMODE* : 2
*ISPRESULT* : -1
--------------------
[2024-01-29 20:45:25] : End
--------------------------------------------------
[2024-01-29 20:45:38] : Begin
--------------------
*MCUTYPE* : STC8G1K08A-8PIN
*FILENAME* : D:\GIT-Sync\STC8G1K08_Orin\build\Target 1\111.hex
*FILETIME* : 2024年01月29日, 01:23:43
*FILESIZE* : 736 (0x0002E0)
*CODESIZE* : 265 (0x000109)
*CHECKSUM* : 0x00008C1E
*ISPMODE* : 2
*ISPRESULT* : 1
--------------------
[2024-01-29 20:45:46] : End
--------------------------------------------------
[2024-01-29 20:45:55] : Begin
--------------------
*MCUTYPE* : STC8G1K08A-8PIN
*MCUID* : F794C4D40E9156
*FILENAME* : D:\GIT-Sync\STC8G1K08_Orin\build\Target 1\111.hex
*FILETIME* : 2024年01月29日, 01:23:43
*FILESIZE* : 736 (0x0002E0)
*CODESIZE* : 265 (0x000109)
*CHECKSUM* : 0x00008C1E
*ISPMODE* : 2
*ISPRESULT* : 0
--------------------
[2024-01-29 20:45:58] : End
--------------------------------------------------
[2024-01-29 20:47:25] : Begin
--------------------
*MCUTYPE* : STC8G1K08A-8PIN
*MCUID* : F794C4D40E9156
*FILENAME* : D:\GIT-Sync\STC8G1K08_Orin\build\Target 1\111.hex
*FILETIME* : 2024年01月29日, 01:23:43
*FILESIZE* : 736 (0x0002E0)
*CODESIZE* : 265 (0x000109)
*CHECKSUM* : 0x00008C1E
*ISPMODE* : 2
*ISPRESULT* : 0
--------------------
[2024-01-29 20:47:28] : End
--------------------------------------------------
[2024-01-29 20:50:09] : Begin
--------------------
*MCUTYPE* : STC8G1K08A-8PIN
*FILENAME* : D:\GIT-Sync\STC8G1K08_Orin\build\Target 1\111.hex
*FILETIME* : 2024年01月29日, 01:23:43
*FILESIZE* : 736 (0x0002E0)
*CODESIZE* : 265 (0x000109)
*CHECKSUM* : 0x00008C1E
*ISPMODE* : 2
*ISPRESULT* : 1
--------------------
[2024-01-29 20:50:20] : End
--------------------------------------------------
[2024-01-29 20:50:26] : Begin
--------------------
*MCUTYPE* : STC8G1K08A-8PIN
*MCUID* : F794C4D40E9156
*FILENAME* : D:\GIT-Sync\STC8G1K08_Orin\build\Target 1\111.hex
*FILETIME* : 2024年01月29日, 01:23:43
*FILESIZE* : 736 (0x0002E0)
*CODESIZE* : 265 (0x000109)
*CHECKSUM* : 0x00008C1E
*ISPMODE* : 2
*ISPRESULT* : 0
--------------------
[2024-01-29 20:50:29] : End
--------------------------------------------------
[2024-01-29 20:50:49] : Begin
--------------------
*MCUTYPE* : STC8G1K08A-8PIN
*MCUID* : F794C4D40E9156
*FILENAME* : D:\GIT-Sync\STC8G1K08_Orin\build\Target 1\111.hex
*FILETIME* : 2024年01月29日, 01:23:43
*FILESIZE* : 736 (0x0002E0)
*CODESIZE* : 265 (0x000109)
*CHECKSUM* : 0x00008C1E
*ISPMODE* : 2
*ISPRESULT* : 0
--------------------
[2024-01-29 20:50:52] : End
--------------------------------------------------
[2024-01-29 20:51:25] : Begin
--------------------
*MCUTYPE* : STC8G1K08A-8PIN
*MCUID* : F794C4D40E9156
*FILENAME* : D:\GIT-Sync\STC8G1K08_Orin\build\Target 1\111.hex
*FILETIME* : 2024年01月29日, 01:23:43
*FILESIZE* : 736 (0x0002E0)
*CODESIZE* : 265 (0x000109)
*CHECKSUM* : 0x00008C1E
*ISPMODE* : 3
*ISPRESULT* : 0
--------------------
[2024-01-29 20:51:28] : End
--------------------------------------------------
[2024-01-29 20:51:31] : Begin
--------------------
*MCUTYPE* : STC8G1K08A-8PIN
*MCUID* : F794C4D40E9156
*FILENAME* : D:\GIT-Sync\STC8G1K08_Orin\build\Target 1\111.hex
*FILETIME* : 2024年01月29日, 01:23:43
*FILESIZE* : 736 (0x0002E0)
*CODESIZE* : 265 (0x000109)
*CHECKSUM* : 0x00008C1E
*ISPMODE* : 3
*ISPRESULT* : 0
--------------------
[2024-01-29 20:51:34] : End
--------------------------------------------------
[2024-01-29 21:03:35] : Begin
--------------------
*MCUTYPE* : STC8G1K08A-8PIN
*FILENAME* : D:\GIT-Sync\STC8G1K08_Orin\build\Target 1\111.hex
*FILETIME* : 2024年01月29日, 01:23:43
*FILESIZE* : 736 (0x0002E0)
*CODESIZE* : 265 (0x000109)
*CHECKSUM* : 0x00008C1E
*ISPMODE* : 2
*ISPRESULT* : 1
--------------------
[2024-01-29 21:03:38] : End
--------------------------------------------------
[2024-01-29 21:04:21] : Begin
--------------------
*MCUTYPE* : STC8G1K08A-8PIN
*FILENAME* : D:\GIT-Sync\STC8G1K08_Orin\build\Target 1\111.hex
*FILETIME* : 2024年01月29日, 01:23:43
*FILESIZE* : 736 (0x0002E0)
*CODESIZE* : 265 (0x000109)
*CHECKSUM* : 0x00008C1E
*ISPMODE* : 2
*ISPRESULT* : 1
--------------------
[2024-01-29 21:04:25] : End
--------------------------------------------------
[2024-01-29 21:04:27] : Begin
--------------------
*MCUTYPE* : STC8G1K08A-8PIN
*MCUID* : F794C4DA12ADA1
*FILENAME* : D:\GIT-Sync\STC8G1K08_Orin\build\Target 1\111.hex
*FILETIME* : 2024年01月29日, 01:23:43
*FILESIZE* : 736 (0x0002E0)
*CODESIZE* : 265 (0x000109)
*CHECKSUM* : 0x00008C1E
*ISPMODE* : 2
*ISPRESULT* : 0
--------------------
[2024-01-29 21:04:29] : End
--------------------------------------------------
[2024-01-29 21:04:43] : Begin
--------------------
*MCUTYPE* : STC8G1K08A-8PIN
*FILENAME* : D:\GIT-Sync\STC8G1K08_Orin\build\Target 1\111.hex
*FILETIME* : 2024年01月29日, 01:23:43
*FILESIZE* : 736 (0x0002E0)
*CODESIZE* : 265 (0x000109)
*CHECKSUM* : 0x00008C1E
*ISPMODE* : 2
*ISPRESULT* : 1
--------------------
[2024-01-29 21:04:45] : End
--------------------------------------------------
[2024-01-29 21:04:46] : Begin
--------------------
*MCUTYPE* : STC8G1K08A-8PIN
*MCUID* : F794C4DA12AD2B
*FILENAME* : D:\GIT-Sync\STC8G1K08_Orin\build\Target 1\111.hex
*FILETIME* : 2024年01月29日, 01:23:43
*FILESIZE* : 736 (0x0002E0)
*CODESIZE* : 265 (0x000109)
*CHECKSUM* : 0x00008C1E
*ISPMODE* : 2
*ISPRESULT* : 0
--------------------
[2024-01-29 21:04:48] : End
--------------------------------------------------
[2024-01-29 21:06:18] : Begin
--------------------
*MCUTYPE* : STC8G1K08A-8PIN
*FILENAME* : D:\GIT-Sync\STC8G1K08_Orin\build\Target 1\111.hex
*FILETIME* : 2024年01月29日, 01:23:43
*FILESIZE* : 736 (0x0002E0)
*CODESIZE* : 265 (0x000109)
*CHECKSUM* : 0x00008C1E
*ISPMODE* : 2
*ISPRESULT* : 1
--------------------
[2024-01-29 21:06:19] : End
--------------------------------------------------
[2024-01-29 21:06:23] : Begin
--------------------
*MCUTYPE* : STC8G1K08A-8PIN
*MCUID* : F794C4DA12AD2B
*FILENAME* : D:\GIT-Sync\STC8G1K08_Orin\build\Target 1\111.hex
*FILETIME* : 2024年01月29日, 01:23:43
*FILESIZE* : 736 (0x0002E0)
*CODESIZE* : 265 (0x000109)
*CHECKSUM* : 0x00008C1E
*ISPMODE* : 2
*ISPRESULT* : 0
--------------------
[2024-01-29 21:06:25] : End
--------------------------------------------------
[2024-01-29 21:08:22] : Begin
--------------------
*MCUTYPE* : STC8G1K08A-8PIN
*MCUID* : F794C4DA12AD2B
*FILENAME* : D:\GIT-Sync\STC8G1K08_Orin\build\Target 1\111.hex
*FILETIME* : 2024年01月29日, 01:23:43
*FILESIZE* : 736 (0x0002E0)
*CODESIZE* : 265 (0x000109)
*CHECKSUM* : 0x00008C1E
*ISPMODE* : 2
*ISPRESULT* : 0
--------------------
[2024-01-29 21:08:24] : End
--------------------------------------------------
[2024-01-29 21:12:57] : Begin
--------------------
*MCUTYPE* : STC8G1K08A-8PIN
*FILENAME* : D:\GIT-Sync\STC8G1K08_Orin\build\Target 1\111.hex
*FILETIME* : 2024年01月29日, 01:23:43
*FILESIZE* : 736 (0x0002E0)
*CODESIZE* : 265 (0x000109)
*CHECKSUM* : 0x00008C1E
*ISPMODE* : 2
*ISPRESULT* : 1
--------------------
[2024-01-29 21:13:01] : End
--------------------------------------------------
[2024-01-29 21:13:01] : Begin
--------------------
*MCUTYPE* : STC8G1K08A-8PIN
*FILENAME* : D:\GIT-Sync\STC8G1K08_Orin\build\Target 1\111.hex
*FILETIME* : 2024年01月29日, 01:23:43
*FILESIZE* : 736 (0x0002E0)
*CODESIZE* : 265 (0x000109)
*CHECKSUM* : 0x00008C1E
*ISPMODE* : 2
*ISPRESULT* : 1
--------------------
[2024-01-29 21:13:03] : End
--------------------------------------------------
[2024-01-29 21:13:08] : Begin
--------------------
*MCUTYPE* : STC8G1K08A-8PIN
*FILENAME* : D:\GIT-Sync\STC8G1K08_Orin\build\Target 1\111.hex
*FILETIME* : 2024年01月29日, 01:23:43
*FILESIZE* : 736 (0x0002E0)
*CODESIZE* : 265 (0x000109)
*CHECKSUM* : 0x00008C1E
*ISPMODE* : 2
*ISPRESULT* : 1
--------------------
[2024-01-29 21:13:26] : End
--------------------------------------------------
[2024-01-29 21:13:41] : Begin
--------------------
*MCUTYPE* : STC8G1K08A-8PIN
*FILENAME* : D:\GIT-Sync\STC8G1K08_Orin\build\Target 1\111.hex
*FILETIME* : 2024年01月29日, 01:23:43
*FILESIZE* : 736 (0x0002E0)
*CODESIZE* : 265 (0x000109)
*CHECKSUM* : 0x00008C1E
*ISPMODE* : 2
*ISPRESULT* : 1
--------------------
[2024-01-29 21:13:42] : End
--------------------------------------------------
[2024-01-29 21:13:42] : Begin
--------------------
*MCUTYPE* : STC8G1K08A-8PIN
*MCUID* : F794C4DA12AD2B
*FILENAME* : D:\GIT-Sync\STC8G1K08_Orin\build\Target 1\111.hex
*FILETIME* : 2024年01月29日, 01:23:43
*FILESIZE* : 736 (0x0002E0)
*CODESIZE* : 265 (0x000109)
*CHECKSUM* : 0x00008C1E
*ISPMODE* : 2
*ISPRESULT* : 0
--------------------
[2024-01-29 21:13:45] : End
--------------------------------------------------
[2024-01-29 21:14:36] : Begin
--------------------
*MCUTYPE* : STC8G1K08A-8PIN
*FILENAME* : D:\GIT-Sync\STC8G1K08_Orin\build\Target 1\111.hex
*FILETIME* : 2024年01月29日, 21:14:34
*FILESIZE* : 789 (0x000315)
*CODESIZE* : 276 (0x000114)
*CHECKSUM* : 0x00008BDF
*ISPMODE* : 2
*ISPRESULT* : 1
--------------------
[2024-01-29 21:14:37] : End
--------------------------------------------------
[2024-01-29 21:14:38] : Begin
--------------------
*MCUTYPE* : STC8G1K08A-8PIN
*MCUID* : F794C4DA12AD2B
*FILENAME* : D:\GIT-Sync\STC8G1K08_Orin\build\Target 1\111.hex
*FILETIME* : 2024年01月29日, 21:14:34
*FILESIZE* : 789 (0x000315)
*CODESIZE* : 276 (0x000114)
*CHECKSUM* : 0x00008BDF
*ISPMODE* : 2
*ISPRESULT* : 0
--------------------
[2024-01-29 21:14:40] : End
--------------------------------------------------
[2024-01-29 21:15:20] : Begin
--------------------
*MCUTYPE* : STC8G1K08A-8PIN
*FILENAME* : D:\GIT-Sync\STC8G1K08_Orin\build\Target 1\111.hex
*FILETIME* : 2024年01月29日, 21:14:34
*FILESIZE* : 789 (0x000315)
*CODESIZE* : 276 (0x000114)
*CHECKSUM* : 0x00008BDF
*ISPMODE* : 2
*ISPRESULT* : 1
--------------------
[2024-01-29 21:15:21] : End
--------------------------------------------------
[2024-01-29 21:15:22] : Begin
--------------------
*MCUTYPE* : STC8G1K08A-8PIN
*FILENAME* : D:\GIT-Sync\STC8G1K08_Orin\build\Target 1\111.hex
*FILETIME* : 2024年01月29日, 21:14:34
*FILESIZE* : 789 (0x000315)
*CODESIZE* : 276 (0x000114)
*CHECKSUM* : 0x00008BDF
*ISPMODE* : 2
*ISPRESULT* : 1
--------------------
[2024-01-29 21:15:23] : End
--------------------------------------------------
[2024-01-29 21:15:25] : Begin
--------------------
*MCUTYPE* : STC8G1K08A-8PIN
*FILENAME* : D:\GIT-Sync\STC8G1K08_Orin\build\Target 1\111.hex
*FILETIME* : 2024年01月29日, 21:14:34
*FILESIZE* : 789 (0x000315)
*CODESIZE* : 276 (0x000114)
*CHECKSUM* : 0x00008BDF
*ISPMODE* : 2
*ISPRESULT* : 1
--------------------
[2024-01-29 21:15:26] : End
--------------------------------------------------
[2024-01-29 21:15:27] : Begin
--------------------
*MCUTYPE* : STC8G1K08A-8PIN
*MCUID* : F794C4DA12AD2B
*FILENAME* : D:\GIT-Sync\STC8G1K08_Orin\build\Target 1\111.hex
*FILETIME* : 2024年01月29日, 21:14:34
*FILESIZE* : 789 (0x000315)
*CODESIZE* : 276 (0x000114)
*CHECKSUM* : 0x00008BDF
*ISPMODE* : 2
*ISPRESULT* : 0
--------------------
[2024-01-29 21:15:30] : End
--------------------------------------------------
[2024-01-29 21:15:50] : Begin
--------------------
*MCUTYPE* : STC8G1K08A-8PIN
*FILENAME* : D:\GIT-Sync\STC8G1K08_Orin\build\Target 1\111.hex
*FILETIME* : 2024年01月29日, 21:14:34
*FILESIZE* : 789 (0x000315)
*CODESIZE* : 276 (0x000114)
*CHECKSUM* : 0x00008BDF
*ISPMODE* : 2
*ISPRESULT* : 3
--------------------
[2024-01-29 21:15:56] : End
--------------------------------------------------
[2024-01-29 21:16:05] : Begin
--------------------
*MCUTYPE* : STC8G1K08A-8PIN
*FILENAME* : D:\GIT-Sync\STC8G1K08_Orin\build\Target 1\111.hex
*FILETIME* : 2024年01月29日, 21:14:34
*FILESIZE* : 789 (0x000315)
*CODESIZE* : 276 (0x000114)
*CHECKSUM* : 0x00008BDF
*ISPMODE* : 2
*ISPRESULT* : 1
--------------------
[2024-01-29 21:16:17] : End
--------------------------------------------------
[2024-01-29 21:16:18] : Begin
--------------------
*MCUTYPE* : STC8G1K08A-8PIN
*MCUID* : F794C4DA12AD2B
*FILENAME* : D:\GIT-Sync\STC8G1K08_Orin\build\Target 1\111.hex
*FILETIME* : 2024年01月29日, 21:16:13
*FILESIZE* : 770 (0x000302)
*CODESIZE* : 273 (0x000111)
*CHECKSUM* : 0x00008A56
*ISPMODE* : 2
*ISPRESULT* : 0
--------------------
[2024-01-29 21:16:20] : End
--------------------------------------------------
[2024-01-29 21:16:25] : Begin
--------------------
*MCUTYPE* : STC8G1K08A-8PIN
*MCUID* : F794C4DA12AD2B
*FILENAME* : D:\GIT-Sync\STC8G1K08_Orin\build\Target 1\111.hex
*FILETIME* : 2024年01月29日, 21:16:13
*FILESIZE* : 770 (0x000302)
*CODESIZE* : 273 (0x000111)
*CHECKSUM* : 0x00008A56
*ISPMODE* : 2
*ISPRESULT* : 0
--------------------
[2024-01-29 21:16:27] : End
--------------------------------------------------
[2024-01-29 21:16:44] : Begin
--------------------
*MCUTYPE* : STC8G1K08A-8PIN
*FILENAME* : D:\GIT-Sync\STC8G1K08_Orin\build\Target 1\111.hex
*FILETIME* : 2024年01月29日, 21:16:13
*FILESIZE* : 770 (0x000302)
*CODESIZE* : 273 (0x000111)
*CHECKSUM* : 0x00008A56
*ISPMODE* : 2
*ISPRESULT* : 1
--------------------
[2024-01-29 21:16:45] : End
--------------------------------------------------
[2024-01-29 21:16:47] : Begin
--------------------
*MCUTYPE* : STC8G1K08A-8PIN
*FILENAME* : D:\GIT-Sync\STC8G1K08_Orin\build\Target 1\111.hex
*FILETIME* : 2024年01月29日, 21:16:13
*FILESIZE* : 770 (0x000302)
*CODESIZE* : 273 (0x000111)
*CHECKSUM* : 0x00008A56
*ISPMODE* : 2
*ISPRESULT* : 1
--------------------
[2024-01-29 21:16:51] : End
--------------------------------------------------
[2024-01-29 22:30:01] : Begin
--------------------
*MCUTYPE* : STC8G1K08A-8PIN
*FILENAME* : D:\GIT-Sync\STC8G1K08_Orin\build\Target 1\111.hex
*FILETIME* : 2024年01月29日, 21:16:13
*FILESIZE* : 770 (0x000302)
*CODESIZE* : 273 (0x000111)
*CHECKSUM* : 0x00008A56
*ISPMODE* : 2
*ISPRESULT* : 1
--------------------
[2024-01-29 22:30:12] : End
--------------------------------------------------
[2024-01-29 22:30:34] : Begin
--------------------
*MCUTYPE* : STC8G1K08A-8PIN
*FILENAME* : D:\GIT-Sync\STC8G1K08_Orin\build\Target 1\111.hex
*FILETIME* : 2024年01月29日, 21:16:13
*FILESIZE* : 770 (0x000302)
*CODESIZE* : 273 (0x000111)
*CHECKSUM* : 0x00008A56
*ISPMODE* : 2
*ISPRESULT* : 1
--------------------
[2024-01-29 22:30:37] : End
--------------------------------------------------
[2024-01-29 22:30:39] : Begin
--------------------
*MCUTYPE* : STC8G1K08A-8PIN
*MCUID* : F794C4DA12AD2B
*FILENAME* : D:\GIT-Sync\STC8G1K08_Orin\build\Target 1\111.hex
*FILETIME* : 2024年01月29日, 21:16:13
*FILESIZE* : 770 (0x000302)
*CODESIZE* : 273 (0x000111)
*CHECKSUM* : 0x00008A56
*ISPMODE* : 2
*ISPRESULT* : 0
--------------------
[2024-01-29 22:30:41] : End
--------------------------------------------------
[2024-01-29 22:31:19] : Begin
--------------------
*MCUTYPE* : STC8G1K08A-8PIN
*FILENAME* : D:\GIT-Sync\STC8G1K08_Orin\build\Target 1\111.hex
*FILETIME* : 2024年01月29日, 21:16:13
*FILESIZE* : 770 (0x000302)
*CODESIZE* : 273 (0x000111)
*CHECKSUM* : 0x00008A56
*ISPMODE* : 2
*ISPRESULT* : 1
--------------------
[2024-01-29 22:31:25] : End
--------------------------------------------------
[2024-01-29 22:31:28] : Begin
--------------------
*MCUTYPE* : STC8G1K08A-8PIN
*FILENAME* : D:\GIT-Sync\STC8G1K08_Orin\build\Target 1\111.hex
*FILETIME* : 2024年01月29日, 21:16:13
*FILESIZE* : 770 (0x000302)
*CODESIZE* : 273 (0x000111)
*CHECKSUM* : 0x00008A56
*ISPMODE* : 1
*ISPRESULT* : 5
--------------------
[2024-01-29 22:31:29] : End
--------------------------------------------------
[2024-01-29 22:31:40] : Begin
--------------------
*MCUTYPE* : STC8G1K08A-8PIN
*MCUID* : F794C4D40E9156
*FILENAME* : D:\GIT-Sync\STC8G1K08_Orin\build\Target 1\111.hex
*FILETIME* : 2024年01月29日, 21:16:13
*FILESIZE* : 770 (0x000302)
*CODESIZE* : 273 (0x000111)
*CHECKSUM* : 0x00008A56
*ISPMODE* : 2
*ISPRESULT* : 0
--------------------
[2024-01-29 22:31:42] : End
--------------------------------------------------
[2024-01-29 22:32:00] : Begin
--------------------
*MCUTYPE* : STC8G1K08A-8PIN
*FILENAME* : D:\GIT-Sync\STC8G1K08_Orin\build\Target 1\111.hex
*FILETIME* : 2024年01月29日, 21:16:13
*FILESIZE* : 770 (0x000302)
*CODESIZE* : 273 (0x000111)
*CHECKSUM* : 0x00008A56
*ISPMODE* : 2
*ISPRESULT* : 1
--------------------
[2024-01-29 22:32:11] : End
--------------------------------------------------
[2024-01-29 22:32:19] : Begin
--------------------
*MCUTYPE* : STC8G1K08A-8PIN
*FILENAME* : D:\GIT-Sync\STC8G1K08_Orin\build\Target 1\111.hex
*FILETIME* : 2024年01月29日, 21:16:13
*FILESIZE* : 770 (0x000302)
*CODESIZE* : 273 (0x000111)
*CHECKSUM* : 0x00008A56
*ISPMODE* : 4
*ISPRESULT* : 5
--------------------
[2024-01-29 22:32:23] : End
--------------------------------------------------
[2024-01-29 22:32:25] : Begin
--------------------
*MCUTYPE* : STC8G1K08A-8PIN
*FILENAME* : D:\GIT-Sync\STC8G1K08_Orin\build\Target 1\111.hex
*FILETIME* : 2024年01月29日, 21:16:13
*FILESIZE* : 770 (0x000302)
*CODESIZE* : 273 (0x000111)
*CHECKSUM* : 0x00008A56
*ISPMODE* : 2
*ISPRESULT* : 1
--------------------
[2024-01-29 22:32:28] : End
--------------------------------------------------
[2024-01-29 22:32:38] : Begin
--------------------
*MCUTYPE* : STC8G1K08A-8PIN
*MCUID* : F794C4D40E9156
*FILENAME* : D:\GIT-Sync\STC8G1K08_Orin\build\Target 1\111.hex
*FILETIME* : 2024年01月29日, 21:16:13
*FILESIZE* : 770 (0x000302)
*CODESIZE* : 273 (0x000111)
*CHECKSUM* : 0x00008A56
*ISPMODE* : 2
*ISPRESULT* : 0
--------------------
[2024-01-29 22:32:40] : End
--------------------------------------------------
[2024-01-29 22:32:42] : Begin
--------------------
*MCUTYPE* : STC8G1K08A-8PIN
*FILENAME* : D:\GIT-Sync\STC8G1K08_Orin\build\Target 1\111.hex
*FILETIME* : 2024年01月29日, 21:16:13
*FILESIZE* : 770 (0x000302)
*CODESIZE* : 273 (0x000111)
*CHECKSUM* : 0x00008A56
*ISPMODE* : 2
*ISPRESULT* : 1
--------------------
[2024-01-29 22:32:44] : End
--------------------------------------------------
[2024-01-29 22:32:45] : Begin
--------------------
*MCUTYPE* : STC8G1K08A-8PIN
*FILENAME* : D:\GIT-Sync\STC8G1K08_Orin\build\Target 1\111.hex
*FILETIME* : 2024年01月29日, 21:16:13
*FILESIZE* : 770 (0x000302)
*CODESIZE* : 273 (0x000111)
*CHECKSUM* : 0x00008A56
*ISPMODE* : 2
*ISPRESULT* : 1
--------------------
[2024-01-29 22:32:53] : End
--------------------------------------------------
[2024-01-29 22:33:02] : Begin
--------------------
*MCUTYPE* : STC8G1K08A-8PIN
*FILENAME* : D:\GIT-Sync\STC8G1K08_Orin\build\Target 1\111.hex
*FILETIME* : 2024年01月29日, 21:16:13
*FILESIZE* : 770 (0x000302)
*CODESIZE* : 273 (0x000111)
*CHECKSUM* : 0x00008A56
*ISPMODE* : 2
*ISPRESULT* : 1
--------------------
[2024-01-29 22:33:05] : End
--------------------------------------------------
[2024-01-29 22:33:07] : Begin
--------------------
*MCUTYPE* : STC8G1K08A-8PIN
*FILENAME* : D:\GIT-Sync\STC8G1K08_Orin\build\Target 1\111.hex
*FILETIME* : 2024年01月29日, 21:16:13
*FILESIZE* : 770 (0x000302)
*CODESIZE* : 273 (0x000111)
*CHECKSUM* : 0x00008A56
*ISPMODE* : 2
*ISPRESULT* : 1
--------------------
[2024-01-29 22:33:08] : End
--------------------------------------------------
[2024-01-29 22:33:23] : Begin
--------------------
*MCUTYPE* : STC8G1K08A-8PIN
*FILENAME* : D:\GIT-Sync\STC8G1K08_Orin\build\Target 1\111.hex
*FILETIME* : 2024年01月29日, 21:16:13
*FILESIZE* : 770 (0x000302)
*CODESIZE* : 273 (0x000111)
*CHECKSUM* : 0x00008A56
*ISPMODE* : 2
*ISPRESULT* : 1
--------------------
[2024-01-29 22:33:25] : End
--------------------------------------------------
[2024-01-29 22:33:26] : Begin
--------------------
*MCUTYPE* : STC8G1K08A-8PIN
*MCUID* : F794C4D40E9156
*FILENAME* : D:\GIT-Sync\STC8G1K08_Orin\build\Target 1\111.hex
*FILETIME* : 2024年01月29日, 21:16:13
*FILESIZE* : 770 (0x000302)
*CODESIZE* : 273 (0x000111)
*CHECKSUM* : 0x00008A56
*ISPMODE* : 2
*ISPRESULT* : 0
--------------------
[2024-01-29 22:33:29] : End
--------------------------------------------------
[2024-01-29 22:33:38] : Begin
--------------------
*MCUTYPE* : STC8G1K08A-8PIN
*MCUID* : F794C4D40E9156
*FILENAME* : D:\GIT-Sync\STC8G1K08_Orin\build\Target 1\111.hex
*FILETIME* : 2024年01月29日, 21:16:13
*FILESIZE* : 770 (0x000302)
*CODESIZE* : 273 (0x000111)
*CHECKSUM* : 0x00008A56
*ISPMODE* : 2
*ISPRESULT* : 0
--------------------
[2024-01-29 22:33:41] : End
--------------------------------------------------
[2024-01-29 22:33:57] : Begin
--------------------
*MCUTYPE* : STC8G1K08A-8PIN
*MCUID* : F794C4D40E9156
*FILENAME* : D:\GIT-Sync\STC8G1K08_Orin\build\Target 1\111.hex
*FILETIME* : 2024年01月29日, 21:16:13
*FILESIZE* : 770 (0x000302)
*CODESIZE* : 273 (0x000111)
*CHECKSUM* : 0x00008A56
*ISPMODE* : 2
*ISPRESULT* : 0
--------------------
[2024-01-29 22:34:00] : End
--------------------------------------------------
[2024-01-29 22:34:04] : Begin
--------------------
*MCUTYPE* : STC8G1K08A-8PIN
*MCUID* : F794C4D40E9156
*FILENAME* : D:\GIT-Sync\STC8G1K08_Orin\build\Target 1\111.hex
*FILETIME* : 2024年01月29日, 21:16:13
*FILESIZE* : 770 (0x000302)
*CODESIZE* : 273 (0x000111)
*CHECKSUM* : 0x00008A56
*ISPMODE* : 2
*ISPRESULT* : 0
--------------------
[2024-01-29 22:34:07] : End
--------------------------------------------------
[2024-01-29 22:36:05] : Begin
--------------------
*MCUTYPE* : STC8G1K08A-8PIN
*FILENAME* : D:\GIT-Sync\STC8G1K08_Orin\build\Target 1\111.hex
*FILETIME* : 2024年01月29日, 21:16:13
*FILESIZE* : 770 (0x000302)
*CODESIZE* : 273 (0x000111)
*CHECKSUM* : 0x00008A56
*ISPMODE* : 5
*ISPRESULT* : 5
--------------------
[2024-01-29 22:36:06] : End
--------------------------------------------------
[2024-01-29 22:36:09] : Begin
--------------------
*MCUTYPE* : STC8G1K08A-8PIN
*MCUID* : F794C4D40E9156
*FILENAME* : D:\GIT-Sync\STC8G1K08_Orin\build\Target 1\111.hex
*FILETIME* : 2024年01月29日, 21:16:13
*FILESIZE* : 770 (0x000302)
*CODESIZE* : 273 (0x000111)
*CHECKSUM* : 0x00008A56
*ISPMODE* : 2
*ISPRESULT* : 0
--------------------
[2024-01-29 22:36:16] : End
--------------------------------------------------
[2024-01-29 22:36:35] : Begin
--------------------
*MCUTYPE* : STC8G1K08A-8PIN
*MCUID* : F794C4D40E9156
*FILENAME* : D:\GIT-Sync\STC8G1K08_Orin\build\Target 1\111.hex
*FILETIME* : 2024年01月29日, 21:16:13
*FILESIZE* : 770 (0x000302)
*CODESIZE* : 273 (0x000111)
*CHECKSUM* : 0x00008A56
*ISPMODE* : 2
*ISPRESULT* : 0
--------------------
[2024-01-29 22:36:41] : End
--------------------------------------------------
[2024-01-29 22:36:49] : Begin
--------------------
*MCUTYPE* : STC8G1K08A-8PIN
*MCUID* : F794C4D40E9156
*FILENAME* : D:\GIT-Sync\STC8G1K08_Orin\build\Target 1\111.hex
*FILETIME* : 2024年01月29日, 21:16:13
*FILESIZE* : 770 (0x000302)
*CODESIZE* : 273 (0x000111)
*CHECKSUM* : 0x00008A56
*ISPMODE* : 2
*ISPRESULT* : 0
--------------------
[2024-01-29 22:36:53] : End
--------------------------------------------------
[2024-01-29 22:37:06] : Begin
--------------------
*MCUTYPE* : STC8G1K08A-8PIN
*MCUID* : F794C4D40E9156
*FILENAME* : D:\GIT-Sync\STC8G1K08_Orin\build\Target 1\111.hex
*FILETIME* : 2024年01月29日, 21:16:13
*FILESIZE* : 770 (0x000302)
*CODESIZE* : 273 (0x000111)
*CHECKSUM* : 0x00008A56
*ISPMODE* : 2
*ISPRESULT* : 0
--------------------
[2024-01-29 22:37:09] : End
--------------------------------------------------
[2024-01-29 22:47:49] : Begin
--------------------
*MCUTYPE* : STC8G1K08A-8PIN
*MCUID* : F794C4D40E9156
*FILENAME* : D:\GIT-Sync\STC8G1K08_Orin\build\Target 1\111.hex
*FILETIME* : 2024年01月29日, 21:16:13
*FILESIZE* : 770 (0x000302)
*CODESIZE* : 273 (0x000111)
*CHECKSUM* : 0x00008A56
*ISPMODE* : 2
*ISPRESULT* : 0
--------------------
[2024-01-29 22:47:54] : End
--------------------------------------------------
[2024-01-29 22:47:58] : Begin
--------------------
*MCUTYPE* : STC8G1K08A-8PIN
*MCUID* : F794C4D40E9156
*FILENAME* : D:\GIT-Sync\STC8G1K08_Orin\build\Target 1\111.hex
*FILETIME* : 2024年01月29日, 21:16:13
*FILESIZE* : 770 (0x000302)
*CODESIZE* : 273 (0x000111)
*CHECKSUM* : 0x00008A56
*ISPMODE* : 2
*ISPRESULT* : 0
--------------------
[2024-01-29 22:48:03] : End
--------------------------------------------------
[2024-01-29 23:05:09] : Begin
--------------------
*MCUTYPE* : STC8G1K08A-8PIN
*MCUID* : F794C4D40E9156
*FILENAME* : D:\GIT-Sync\STC8G1K08_Orin\build\Target 1\111.hex
*FILETIME* : 2024年01月29日, 21:16:13
*FILESIZE* : 770 (0x000302)
*CODESIZE* : 273 (0x000111)
*CHECKSUM* : 0x00008A56
*ISPMODE* : 2
*ISPRESULT* : 0
--------------------
[2024-01-29 23:05:16] : End
--------------------------------------------------
[2024-01-29 23:05:48] : Begin
--------------------
*MCUTYPE* : STC8G1K08A-8PIN
*MCUID* : F794C4D40E9156
*FILENAME* : D:\GIT-Sync\STC8G1K08_Orin\build\Target 1\111.hex
*FILETIME* : 2024年01月29日, 21:16:13
*FILESIZE* : 770 (0x000302)
*CODESIZE* : 273 (0x000111)
*CHECKSUM* : 0x00008A56
*ISPMODE* : 2
*ISPRESULT* : 0
--------------------
[2024-01-29 23:05:52] : End
--------------------------------------------------
[2024-01-29 23:42:50] : Begin
--------------------
*MCUTYPE* : STC8G1K08A-8PIN
*MCUID* : F794C4DA12AD2B
*FILENAME* : D:\GIT-Sync\STC8G1K08_Orin\build\Target 1\111.hex
*FILETIME* : 2024年01月29日, 21:16:13
*FILESIZE* : 770 (0x000302)
*CODESIZE* : 273 (0x000111)
*CHECKSUM* : 0x00008A56
*ISPMODE* : 2
*ISPRESULT* : 0
--------------------
[2024-01-29 23:42:53] : End
--------------------------------------------------
