[2024-02-15 18:51:08] : Begin
--------------------
*MCUTYPE* : STC8G1K08A-8PIN
*FILENAME* : D:\GIT-Sync\STC8G1K08_Orin\build\Target 1\111.hex
*FILETIME* : 2024年02月14日, 22:00:22
*FILESIZE* : 2008 (0x0007D8)
*CODESIZE* : 705 (0x0002C1)
*CHECKSUM* : 0x00011423
*ISPMODE* : 2
*ISPRESULT* : 1
--------------------
[2024-02-15 18:51:12] : End
--------------------------------------------------
[2024-02-15 18:51:38] : Begin
--------------------
*MCUTYPE* : STC8G1K08A-8PIN
*MCUID* : F794C4D40E9156
*FILENAME* : D:\GIT-Sync\STC8G1K08_Orin\build\Target 1\111.hex
*FILETIME* : 2024年02月14日, 22:00:22
*FILESIZE* : 2008 (0x0007D8)
*CODESIZE* : 705 (0x0002C1)
*CHECKSUM* : 0x00011423
*ISPMODE* : 2
*ISPRESULT* : 0
--------------------
[2024-02-15 18:51:40] : End
--------------------------------------------------
[2024-02-15 18:53:28] : Begin
--------------------
*MCUTYPE* : STC8G1K08A-8PIN
*MCUID* : F794C4D40E9156
*FILENAME* : D:\GIT-Sync\STC8G1K08_Orin\build\Target 1\111.hex
*FILETIME* : 2024年02月14日, 22:00:22
*FILESIZE* : 2008 (0x0007D8)
*CODESIZE* : 705 (0x0002C1)
*CHECKSUM* : 0x00011423
*ISPMODE* : 2
*ISPRESULT* : 0
--------------------
[2024-02-15 18:53:30] : End
--------------------------------------------------
[2024-02-15 18:54:00] : Begin
--------------------
*MCUTYPE* : STC8G1K08A-8PIN
*MCUID* : F794C4D40E9156
*FILENAME* : D:\GIT-Sync\STC8G1K08_Orin\build\Target 1\111.hex
*FILETIME* : 2024年02月14日, 22:00:22
*FILESIZE* : 2008 (0x0007D8)
*CODESIZE* : 705 (0x0002C1)
*CHECKSUM* : 0x00011423
*ISPMODE* : 2
*ISPRESULT* : 0
--------------------
[2024-02-15 18:54:03] : End
--------------------------------------------------
[2024-02-15 18:55:46] : Begin
--------------------
*MCUTYPE* : STC8G1K08A-8PIN
*MCUID* : F794C4D40E9156
*FILENAME* : D:\GIT-Sync\STC8G1K08_Orin\build\Target 1\111.hex
*FILETIME* : 2024年02月15日, 18:55:45
*FILESIZE* : 2292 (0x0008F4)
*CODESIZE* : 808 (0x000328)
*CHECKSUM* : 0x00013485
*ISPMODE* : 2
*ISPRESULT* : 0
--------------------
[2024-02-15 18:55:49] : End
--------------------------------------------------
[2024-02-15 18:59:44] : Begin
--------------------
*MCUTYPE* : STC8G1K08A-8PIN
*MCUID* : F794C4D40E9156
*FILENAME* : D:\GIT-Sync\STC8G1K08_Orin\build\Target 1\111.hex
*FILETIME* : 2024年02月15日, 18:59:43
*FILESIZE* : 2147 (0x000863)
*CODESIZE* : 755 (0x0002F3)
*CHECKSUM* : 0x000124BD
*ISPMODE* : 2
*ISPRESULT* : 0
--------------------
[2024-02-15 18:59:47] : End
--------------------------------------------------
[2024-02-15 22:23:05] : Begin
--------------------
*MCUTYPE* : STC8G1K08A-8PIN
*MCUID* : F794C4C310DE99
*FILENAME* : D:\GIT-Sync\STC8G1K08_Orin\build\Target 1\111.hex
*FILETIME* : 2024年02月15日, 22:23:04
*FILESIZE* : 981 (0x0003D5)
*CODESIZE* : 341 (0x000155)
*CHECKSUM* : 0x00009B65
*ISPMODE* : 2
*ISPRESULT* : 0
--------------------
[2024-02-15 22:23:07] : End
--------------------------------------------------
[2024-02-15 22:26:22] : Begin
--------------------
*MCUTYPE* : STC8G1K08A-8PIN
*MCUID* : F794C4C310DE99
*FILENAME* : D:\GIT-Sync\STC8G1K08_Orin\build\Target 1\111.hex
*FILETIME* : 2024年02月15日, 22:26:20
*FILESIZE* : 981 (0x0003D5)
*CODESIZE* : 341 (0x000155)
*CHECKSUM* : 0x00009C19
*ISPMODE* : 2
*ISPRESULT* : 0
--------------------
[2024-02-15 22:26:24] : End
--------------------------------------------------
[2024-02-15 22:27:17] : Begin
--------------------
*MCUTYPE* : STC8G1K08A-8PIN
*MCUID* : F794C4C310DE99
*FILENAME* : D:\GIT-Sync\STC8G1K08_Orin\build\Target 1\111.hex
*FILETIME* : 2024年02月15日, 22:27:16
*FILESIZE* : 1018 (0x0003FA)
*CODESIZE* : 353 (0x000161)
*CHECKSUM* : 0x0000A284
*ISPMODE* : 2
*ISPRESULT* : 0
--------------------
[2024-02-15 22:27:19] : End
--------------------------------------------------
[2024-02-15 22:28:04] : Begin
--------------------
*MCUTYPE* : STC8G1K08A-8PIN
*MCUID* : F794C4C310DE99
*FILENAME* : D:\GIT-Sync\STC8G1K08_Orin\build\Target 1\111.hex
*FILETIME* : 2024年02月15日, 22:28:04
*FILESIZE* : 993 (0x0003E1)
*CODESIZE* : 347 (0x00015B)
*CHECKSUM* : 0x00009F65
*ISPMODE* : 2
*ISPRESULT* : 0
--------------------
[2024-02-15 22:28:07] : End
--------------------------------------------------
