[2024-02-17 00:05:58] : Begin
--------------------
*MCUTYPE* : STC8G1K08A-8PIN
*MCUID* : F794C4D40E9156
*FILENAME* : D:\GIT-Sync\STC8G1K08_Orin\build\Target 1\111.hex
*FILETIME* : 2024年02月17日, 00:05:57
*FILESIZE* : 2251 (0x0008CB)
*CODESIZE* : 794 (0x00031A)
*CHECKSUM* : 0x00012E34
*ISPMODE* : 2
*ISPRESULT* : 0
--------------------
[2024-02-17 00:06:02] : End
--------------------------------------------------
[2024-02-17 00:11:23] : Begin
--------------------
*MCUTYPE* : STC8G1K08A-8PIN
*MCUID* : F794C4D40E9156
*FILENAME* : D:\GIT-Sync\STC8G1K08_Orin\build\Target 1\111.hex
*FILETIME* : 2024年02月17日, 00:11:22
*FILESIZE* : 2278 (0x0008E6)
*CODESIZE* : 801 (0x000321)
*CHECKSUM* : 0x000131A3
*ISPMODE* : 2
*ISPRESULT* : 0
--------------------
[2024-02-17 00:11:27] : End
--------------------------------------------------
[2024-02-17 01:30:05] : Begin
--------------------
*MCUTYPE* : STC8G1K08A-8PIN
*MCUID* : F794C4D40E9156
*FILENAME* : D:\GIT-Sync\STC8G1K08_Orin\build\Target 1\111.hex
*FILETIME* : 2024年02月17日, 01:30:04
*FILESIZE* : 2147 (0x000863)
*CODESIZE* : 755 (0x0002F3)
*CHECKSUM* : 0x000124B8
*ISPMODE* : 2
*ISPRESULT* : 0
--------------------
[2024-02-17 01:30:09] : End
--------------------------------------------------
[2024-02-17 01:30:22] : Begin
--------------------
*MCUTYPE* : STC8G1K08A-8PIN
*MCUID* : F794C4D40E9156
*FILENAME* : D:\GIT-Sync\STC8G1K08_Orin\build\Target 1\111.hex
*FILETIME* : 2024年02月17日, 01:30:21
*FILESIZE* : 2147 (0x000863)
*CODESIZE* : 755 (0x0002F3)
*CHECKSUM* : 0x00012521
*ISPMODE* : 2
*ISPRESULT* : 0
--------------------
[2024-02-17 01:30:26] : End
--------------------------------------------------
[2024-02-17 02:05:52] : Begin
--------------------
*MCUTYPE* : STC8G1K08A-8PIN
*MCUID* : F794C4D40E9156
*FILENAME* : D:\GIT-Sync\STC8G1K08_Orin\build\Target 1\111.hex
*FILETIME* : 2024年02月17日, 01:30:21
*FILESIZE* : 2147 (0x000863)
*CODESIZE* : 755 (0x0002F3)
*CHECKSUM* : 0x00012521
*ISPMODE* : 2
*ISPRESULT* : 0
--------------------
[2024-02-17 02:05:56] : End
--------------------------------------------------
[2024-02-17 02:06:00] : Begin
--------------------
*MCUTYPE* : STC8G1K08A-8PIN
*MCUID* : F794C4D40E9156
*FILENAME* : D:\GIT-Sync\STC8G1K08_Orin\build\Target 1\111.hex
*FILETIME* : 2024年02月17日, 02:05:59
*FILESIZE* : 2128 (0x000850)
*CODESIZE* : 752 (0x0002F0)
*CHECKSUM* : 0x00012470
*ISPMODE* : 2
*ISPRESULT* : 0
--------------------
[2024-02-17 02:06:04] : End
--------------------------------------------------
[2024-02-17 02:06:09] : Begin
--------------------
*MCUTYPE* : STC8G1K08A-8PIN
*MCUID* : F794C4D40E9156
*FILENAME* : D:\GIT-Sync\STC8G1K08_Orin\build\Target 1\111.hex
*FILETIME* : 2024年02月17日, 02:05:59
*FILESIZE* : 2128 (0x000850)
*CODESIZE* : 752 (0x0002F0)
*CHECKSUM* : 0x00012470
*ISPMODE* : 2
*ISPRESULT* : 0
--------------------
[2024-02-17 02:06:13] : End
--------------------------------------------------
[2024-02-17 16:53:14] : Begin
--------------------
*MCUTYPE* : STC8G1K08A-8PIN
*MCUID* : F794C4D40E9156
*FILENAME* : D:\GIT-Sync\STC8G1K08_Orin\build\Target 1\111.hex
*FILETIME* : 2024年02月17日, 16:53:13
*FILESIZE* : 1852 (0x00073C)
*CODESIZE* : 653 (0x00028D)
*CHECKSUM* : 0x00010697
*ISPMODE* : 2
*ISPRESULT* : 0
--------------------
[2024-02-17 16:53:18] : End
--------------------------------------------------
[2024-02-17 16:53:29] : Begin
--------------------
*MCUTYPE* : STC8G1K08A-8PIN
*MCUID* : F794C4D40E9156
*FILENAME* : D:\GIT-Sync\STC8G1K08_Orin\build\Target 1\111.hex
*FILETIME* : 2024年02月17日, 16:53:13
*FILESIZE* : 1852 (0x00073C)
*CODESIZE* : 653 (0x00028D)
*CHECKSUM* : 0x00010697
*ISPMODE* : 2
*ISPRESULT* : 0
--------------------
[2024-02-17 16:53:31] : End
--------------------------------------------------
[2024-02-17 16:53:46] : Begin
--------------------
*MCUTYPE* : STC8G1K08A-8PIN
*MCUID* : F794C4D40E9156
*FILENAME* : D:\GIT-Sync\STC8G1K08_Orin\build\Target 1\111.hex
*FILETIME* : 2024年02月17日, 16:53:13
*FILESIZE* : 1852 (0x00073C)
*CODESIZE* : 653 (0x00028D)
*CHECKSUM* : 0x00010697
*ISPMODE* : 2
*ISPRESULT* : 0
--------------------
[2024-02-17 16:53:50] : End
--------------------------------------------------
[2024-02-17 16:54:49] : Begin
--------------------
*MCUTYPE* : STC8G1K08A-8PIN
*MCUID* : F794C4D40E9156
*FILENAME* : D:\GIT-Sync\STC8G1K08_Orin\build\Target 1\111.hex
*FILETIME* : 2024年02月17日, 16:54:48
*FILESIZE* : 1852 (0x00073C)
*CODESIZE* : 653 (0x00028D)
*CHECKSUM* : 0x00010633
*ISPMODE* : 2
*ISPRESULT* : 0
--------------------
[2024-02-17 16:54:52] : End
--------------------------------------------------
