[2024-02-16 23:55:06] : Begin
--------------------
*MCUTYPE* : STC8G1K08A-8PIN
*MCUID* : F794C4D40E9156
*FILENAME* : D:\GIT-Sync\STC8G1K08_Orin\build\Target 1\111.hex
*FILETIME* : 2024年02月15日, 22:28:04
*FILESIZE* : 993 (0x0003E1)
*CODESIZE* : 347 (0x00015B)
*CHECKSUM* : 0x00009F65
*ISPMODE* : 2
*ISPRESULT* : 0
--------------------
[2024-02-16 23:55:09] : End
--------------------------------------------------
[2024-02-16 23:55:48] : Begin
--------------------
*MCUTYPE* : STC8G1K08A-8PIN
*MCUID* : F794C4D40E9156
*FILENAME* : D:\GIT-Sync\STC8G1K08_Orin\build\Target 1\111.hex
*FILETIME* : 2024年02月15日, 22:28:04
*FILESIZE* : 993 (0x0003E1)
*CODESIZE* : 347 (0x00015B)
*CHECKSUM* : 0x00009F65
*ISPMODE* : 2
*ISPRESULT* : 0
--------------------
[2024-02-16 23:55:51] : End
--------------------------------------------------
[2024-02-16 23:57:09] : Begin
--------------------
*MCUTYPE* : STC8G1K08A-8PIN
*MCUID* : F794C4D40E9156
*FILENAME* : D:\GIT-Sync\STC8G1K08_Orin\build\Target 1\111.hex
*FILETIME* : 2024年02月16日, 23:57:08
*FILESIZE* : 2251 (0x0008CB)
*CODESIZE* : 794 (0x00031A)
*CHECKSUM* : 0x00012E3A
*ISPMODE* : 2
*ISPRESULT* : 0
--------------------
[2024-02-16 23:57:13] : End
--------------------------------------------------
[2024-02-16 23:57:27] : Begin
--------------------
*MCUTYPE* : STC8G1K08A-8PIN
*MCUID* : F794C4D40E9156
*FILENAME* : D:\GIT-Sync\STC8G1K08_Orin\build\Target 1\111.hex
*FILETIME* : 2024年02月16日, 23:57:26
*FILESIZE* : 2251 (0x0008CB)
*CODESIZE* : 794 (0x00031A)
*CHECKSUM* : 0x00012E34
*ISPMODE* : 2
*ISPRESULT* : 0
--------------------
[2024-02-16 23:57:31] : End
--------------------------------------------------
