[2024-01-30 00:01:58] : Begin
--------------------
*MCUTYPE* : STC8G1K08A-8PIN
*MCUID* : F794C4D40E9156
*FILENAME* : D:\GIT-Sync\STC8G1K08_Orin\build\Target 1\111.hex
*FILETIME* : 2024年01月30日, 00:01:58
*FILESIZE* : 758 (0x0002F6)
*CODESIZE* : 267 (0x00010B)
*CHECKSUM* : 0x00008640
*ISPMODE* : 2
*ISPRESULT* : 0
--------------------
[2024-01-30 00:02:02] : End
--------------------------------------------------
[2024-01-30 00:02:21] : Begin
--------------------
*MCUTYPE* : STC8G1K08A-8PIN
*MCUID* : F794C4D40E9156
*FILENAME* : D:\GIT-Sync\STC8G1K08_Orin\build\Target 1\111.hex
*FILETIME* : 2024年01月30日, 00:02:20
*FILESIZE* : 764 (0x0002FC)
*CODESIZE* : 270 (0x00010E)
*CHECKSUM* : 0x000087CA
*ISPMODE* : 2
*ISPRESULT* : 0
--------------------
[2024-01-30 00:02:25] : End
--------------------------------------------------
[2024-01-30 00:02:38] : Begin
--------------------
*MCUTYPE* : STC8G1K08A-8PIN
*MCUID* : F794C4D40E9156
*FILENAME* : D:\GIT-Sync\STC8G1K08_Orin\build\Target 1\111.hex
*FILETIME* : 2024年01月30日, 00:02:20
*FILESIZE* : 764 (0x0002FC)
*CODESIZE* : 270 (0x00010E)
*CHECKSUM* : 0x000087CA
*ISPMODE* : 2
*ISPRESULT* : 0
--------------------
[2024-01-30 00:02:41] : End
--------------------------------------------------
[2024-01-30 00:03:18] : Begin
--------------------
*MCUTYPE* : STC8G1K08A-8PIN
*MCUID* : F794C4D40E9156
*FILENAME* : D:\GIT-Sync\STC8G1K08_Orin\build\Target 1\111.hex
*FILETIME* : 2024年01月30日, 00:02:20
*FILESIZE* : 764 (0x0002FC)
*CODESIZE* : 270 (0x00010E)
*CHECKSUM* : 0x000087CA
*ISPMODE* : 2
*ISPRESULT* : 0
--------------------
[2024-01-30 00:03:22] : End
--------------------------------------------------
[2024-01-30 00:03:50] : Begin
--------------------
*MCUTYPE* : STC8G1K08A-8PIN
*MCUID* : F794C4D40E9156
*FILENAME* : D:\GIT-Sync\STC8G1K08_Orin\build\Target 1\111.hex
*FILETIME* : 2024年01月30日, 00:03:50
*FILESIZE* : 760 (0x0002F8)
*CODESIZE* : 268 (0x00010C)
*CHECKSUM* : 0x00008925
*ISPMODE* : 2
*ISPRESULT* : 0
--------------------
[2024-01-30 00:03:54] : End
--------------------------------------------------
[2024-01-30 00:28:08] : Begin
--------------------
*MCUTYPE* : STC8G1K08A-8PIN
*MCUID* : F794C4D40E9156
*FILENAME* : D:\GIT-Sync\STC8G1K08_Orin\build\Target 1\111.hex
*FILETIME* : 2024年01月30日, 00:28:06
*FILESIZE* : 760 (0x0002F8)
*CODESIZE* : 268 (0x00010C)
*CHECKSUM* : 0x00008925
*ISPMODE* : 2
*ISPRESULT* : 0
--------------------
[2024-01-30 00:28:11] : End
--------------------------------------------------
[2024-01-30 05:24:33] : Begin
--------------------
*MCUTYPE* : STC8G1K08A-8PIN
*MCUID* : F794C4D40E9156
*FILENAME* : D:\GIT-Sync\STC8G1K08_Orin\build\Target 1\111.hex
*FILETIME* : 2024年01月30日, 05:24:33
*FILESIZE* : 760 (0x0002F8)
*CODESIZE* : 268 (0x00010C)
*CHECKSUM* : 0x00008925
*ISPMODE* : 2
*ISPRESULT* : 0
--------------------
[2024-01-30 05:24:37] : End
--------------------------------------------------
[2024-01-30 05:35:06] : Begin
--------------------
*MCUTYPE* : STC8G1K08A-8PIN
*MCUID* : F794C4D40E9156
*FILENAME* : D:\GIT-Sync\STC8G1K08_Orin\build\Target 1\111.hex
*FILETIME* : 2024年01月30日, 05:35:06
*FILESIZE* : 760 (0x0002F8)
*CODESIZE* : 268 (0x00010C)
*CHECKSUM* : 0x00008925
*ISPMODE* : 2
*ISPRESULT* : 0
--------------------
[2024-01-30 05:35:10] : End
--------------------------------------------------
[2024-01-30 05:37:07] : Begin
--------------------
*MCUTYPE* : STC8G1K08A-8PIN
*MCUID* : F794C4D40E9156
*FILENAME* : D:\GIT-Sync\STC8G1K08_Orin\build\Target 1\111.hex
*FILETIME* : 2024年01月30日, 05:37:06
*FILESIZE* : 760 (0x0002F8)
*CODESIZE* : 268 (0x00010C)
*CHECKSUM* : 0x00008925
*ISPMODE* : 2
*ISPRESULT* : 0
--------------------
[2024-01-30 05:37:11] : End
--------------------------------------------------
[2024-01-30 05:37:37] : Begin
--------------------
*MCUTYPE* : STC8G1K08A-8PIN
*MCUID* : F794C4D40E9156
*FILENAME* : D:\GIT-Sync\STC8G1K08_Orin\build\Target 1\111.hex
*FILETIME* : 2024年01月30日, 05:37:37
*FILESIZE* : 760 (0x0002F8)
*CODESIZE* : 268 (0x00010C)
*CHECKSUM* : 0x00008925
*ISPMODE* : 2
*ISPRESULT* : 0
--------------------
[2024-01-30 05:37:41] : End
--------------------------------------------------
[2024-01-30 06:12:23] : Begin
--------------------
*MCUTYPE* : STC8G1K08A-8PIN
*MCUID* : F794C4D40E9156
*FILENAME* : D:\GIT-Sync\STC8G1K08_Orin\build\Target 1\111.hex
*FILETIME* : 2024年01月30日, 06:12:22
*FILESIZE* : 760 (0x0002F8)
*CODESIZE* : 268 (0x00010C)
*CHECKSUM* : 0x00008925
*ISPMODE* : 2
*ISPRESULT* : 0
--------------------
[2024-01-30 06:12:27] : End
--------------------------------------------------
[2024-01-30 06:13:58] : Begin
--------------------
*MCUTYPE* : STC8G1K08A-8PIN
*MCUID* : F794C4D40E9156
*FILENAME* : D:\GIT-Sync\STC8G1K08_Orin\build\Target 1\111.hex
*FILETIME* : 2024年01月30日, 06:13:57
*FILESIZE* : 760 (0x0002F8)
*CODESIZE* : 268 (0x00010C)
*CHECKSUM* : 0x00008925
*ISPMODE* : 2
*ISPRESULT* : 0
--------------------
[2024-01-30 06:14:02] : End
--------------------------------------------------
[2024-01-30 06:14:27] : Begin
--------------------
*MCUTYPE* : STC8G1K08A-8PIN
*MCUID* : F794C4D40E9156
*FILENAME* : D:\GIT-Sync\STC8G1K08_Orin\build\Target 1\111.hex
*FILETIME* : 2024年01月30日, 06:13:57
*FILESIZE* : 760 (0x0002F8)
*CODESIZE* : 268 (0x00010C)
*CHECKSUM* : 0x00008925
*ISPMODE* : 2
*ISPRESULT* : 0
--------------------
[2024-01-30 06:14:30] : End
--------------------------------------------------
[2024-01-30 06:20:20] : Begin
--------------------
*MCUTYPE* : STC8G1K08A-8PIN
*MCUID* : F794C4D40E9156
*FILENAME* : D:\GIT-Sync\STC8G1K08_Orin\build\Target 1\111.hex
*FILETIME* : 2024年01月30日, 06:20:18
*FILESIZE* : 519 (0x000207)
*CODESIZE* : 184 (0x0000B8)
*CHECKSUM* : 0x0000560C
*ISPMODE* : 2
*ISPRESULT* : 0
--------------------
[2024-01-30 06:20:22] : End
--------------------------------------------------
[2024-01-30 06:43:40] : Begin
--------------------
*MCUTYPE* : STC8G1K08A-8PIN
*MCUID* : F794C4D40E9156
*FILENAME* : D:\GIT-Sync\STC8G1K08_Orin\build\Target 1\111.hex
*FILETIME* : 2024年01月30日, 06:43:39
*FILESIZE* : 760 (0x0002F8)
*CODESIZE* : 268 (0x00010C)
*CHECKSUM* : 0x0000883F
*ISPMODE* : 2
*ISPRESULT* : 0
--------------------
[2024-01-30 06:43:42] : End
--------------------------------------------------
[2024-01-30 06:44:53] : Begin
--------------------
*MCUTYPE* : STC8G1K08A-8PIN
*MCUID* : F794C4D40E9156
*FILENAME* : D:\GIT-Sync\STC8G1K08_Orin\build\Target 1\111.hex
*FILETIME* : 2024年01月30日, 06:44:52
*FILESIZE* : 893 (0x00037D)
*CODESIZE* : 315 (0x00013B)
*CHECKSUM* : 0x000096B8
*ISPMODE* : 2
*ISPRESULT* : 0
--------------------
[2024-01-30 06:44:55] : End
--------------------------------------------------
[2024-01-30 06:46:15] : Begin
--------------------
*MCUTYPE* : STC8G1K08A-8PIN
*MCUID* : F794C4D40E9156
*FILENAME* : D:\GIT-Sync\STC8G1K08_Orin\build\Target 1\111.hex
*FILETIME* : 2024年01月30日, 06:46:14
*FILESIZE* : 893 (0x00037D)
*CODESIZE* : 315 (0x00013B)
*CHECKSUM* : 0x000095C1
*ISPMODE* : 2
*ISPRESULT* : 0
--------------------
[2024-01-30 06:46:17] : End
--------------------------------------------------
[2024-01-30 06:47:27] : Begin
--------------------
*MCUTYPE* : STC8G1K08A-8PIN
*MCUID* : F794C4D40E9156
*FILENAME* : D:\GIT-Sync\STC8G1K08_Orin\build\Target 1\111.hex
*FILETIME* : 2024年01月30日, 06:47:27
*FILESIZE* : 856 (0x000358)
*CODESIZE* : 302 (0x00012E)
*CHECKSUM* : 0x00008E01
*ISPMODE* : 2
*ISPRESULT* : 0
--------------------
[2024-01-30 06:47:30] : End
--------------------------------------------------
[2024-01-30 06:49:39] : Begin
--------------------
*MCUTYPE* : STC8G1K08A-8PIN
*MCUID* : F794C4D40E9156
*FILENAME* : D:\GIT-Sync\STC8G1K08_Orin\build\Target 1\111.hex
*FILETIME* : 2024年01月30日, 06:49:38
*FILESIZE* : 856 (0x000358)
*CODESIZE* : 302 (0x00012E)
*CHECKSUM* : 0x00008DC1
*ISPMODE* : 2
*ISPRESULT* : 0
--------------------
[2024-01-30 06:49:42] : End
--------------------------------------------------
[2024-01-30 06:53:33] : Begin
--------------------
*MCUTYPE* : STC8G1K08A-8PIN
*MCUID* : F794C4D40E9156
*FILENAME* : D:\GIT-Sync\STC8G1K08_Orin\build\Target 1\111.hex
*FILETIME* : 2024年01月30日, 06:53:31
*FILESIZE* : 938 (0x0003AA)
*CODESIZE* : 330 (0x00014A)
*CHECKSUM* : 0x0000917E
*ISPMODE* : 2
*ISPRESULT* : 0
--------------------
[2024-01-30 06:53:36] : End
--------------------------------------------------
[2024-01-30 06:53:53] : Begin
--------------------
*MCUTYPE* : STC8G1K08A-8PIN
*MCUID* : F794C4D40E9156
*FILENAME* : D:\GIT-Sync\STC8G1K08_Orin\build\Target 1\111.hex
*FILETIME* : 2024年01月30日, 06:53:31
*FILESIZE* : 938 (0x0003AA)
*CODESIZE* : 330 (0x00014A)
*CHECKSUM* : 0x0000917E
*ISPMODE* : 2
*ISPRESULT* : 0
--------------------
[2024-01-30 06:53:57] : End
--------------------------------------------------
[2024-01-30 10:02:04] : Begin
--------------------
*MCUTYPE* : STC8G1K08A-8PIN
*MCUID* : F794C4D40E9156
*FILENAME* : D:\GIT-Sync\STC8G1K08_Orin\build\Target 1\111.hex
*FILETIME* : 2024年01月30日, 10:02:03
*FILESIZE* : 983 (0x0003D7)
*CODESIZE* : 342 (0x000156)
*CHECKSUM* : 0x000091F2
*ISPMODE* : 2
*ISPRESULT* : 0
--------------------
[2024-01-30 10:02:07] : End
--------------------------------------------------
[2024-01-30 10:02:39] : Begin
--------------------
*MCUTYPE* : STC8G1K08A-8PIN
*MCUID* : F794C4D40E9156
*FILENAME* : D:\GIT-Sync\STC8G1K08_Orin\build\Target 1\111.hex
*FILETIME* : 2024年01月30日, 10:02:38
*FILESIZE* : 983 (0x0003D7)
*CODESIZE* : 342 (0x000156)
*CHECKSUM* : 0x000091F2
*ISPMODE* : 2
*ISPRESULT* : 0
--------------------
[2024-01-30 10:02:43] : End
--------------------------------------------------
[2024-01-30 10:03:20] : Begin
--------------------
*MCUTYPE* : STC8G1K08A-8PIN
*MCUID* : F794C4D40E9156
*FILENAME* : D:\GIT-Sync\STC8G1K08_Orin\build\Target 1\111.hex
*FILETIME* : 2024年01月30日, 10:02:38
*FILESIZE* : 983 (0x0003D7)
*CODESIZE* : 342 (0x000156)
*CHECKSUM* : 0x000091F2
*ISPMODE* : 2
*ISPRESULT* : 0
--------------------
[2024-01-30 10:03:24] : End
--------------------------------------------------
[2024-01-30 10:03:29] : Begin
--------------------
*MCUTYPE* : STC8G1K08A-8PIN
*MCUID* : F794C4D40E9156
*FILENAME* : D:\GIT-Sync\STC8G1K08_Orin\build\Target 1\111.hex
*FILETIME* : 2024年01月30日, 10:02:38
*FILESIZE* : 983 (0x0003D7)
*CODESIZE* : 342 (0x000156)
*CHECKSUM* : 0x000091F2
*ISPMODE* : 2
*ISPRESULT* : 0
--------------------
[2024-01-30 10:03:32] : End
--------------------------------------------------
[2024-01-30 10:05:47] : Begin
--------------------
*MCUTYPE* : STC8G1K08A-8PIN
*MCUID* : F794C4D40E9156
*FILENAME* : D:\GIT-Sync\STC8G1K08_Orin\build\Target 1\111.hex
*FILETIME* : 2024年01月30日, 10:05:46
*FILESIZE* : 1212 (0x0004BC)
*CODESIZE* : 424 (0x0001A8)
*CHECKSUM* : 0x0000AC73
*ISPMODE* : 2
*ISPRESULT* : 0
--------------------
[2024-01-30 10:05:49] : End
--------------------------------------------------
[2024-01-30 10:06:11] : Begin
--------------------
*MCUTYPE* : STC8G1K08A-8PIN
*MCUID* : F794C4D40E9156
*FILENAME* : D:\GIT-Sync\STC8G1K08_Orin\build\Target 1\111.hex
*FILETIME* : 2024年01月30日, 10:06:10
*FILESIZE* : 1220 (0x0004C4)
*CODESIZE* : 428 (0x0001AC)
*CHECKSUM* : 0x0000ADFF
*ISPMODE* : 2
*ISPRESULT* : 0
--------------------
[2024-01-30 10:06:13] : End
--------------------------------------------------
[2024-01-30 10:08:18] : Begin
--------------------
*MCUTYPE* : STC8G1K08A-8PIN
*FILENAME* : D:\GIT-Sync\STC8G1K08_Orin\build\Target 1\111.hex
*FILETIME* : 2024年01月30日, 10:06:10
*FILESIZE* : 1220 (0x0004C4)
*CODESIZE* : 428 (0x0001AC)
*CHECKSUM* : 0x0000ADFF
*ISPMODE* : 2
*ISPRESULT* : 1
--------------------
[2024-01-30 10:08:32] : End
--------------------------------------------------
[2024-01-30 10:08:33] : Begin
--------------------
*MCUTYPE* : STC8G1K08A-8PIN
*FILENAME* : D:\GIT-Sync\STC8G1K08_Orin\build\Target 1\111.hex
*FILETIME* : 2024年01月30日, 10:06:10
*FILESIZE* : 1220 (0x0004C4)
*CODESIZE* : 428 (0x0001AC)
*CHECKSUM* : 0x0000ADFF
*ISPMODE* : 2
*ISPRESULT* : 1
--------------------
[2024-01-30 10:08:42] : End
--------------------------------------------------
[2024-01-30 10:15:27] : Begin
--------------------
*MCUTYPE* : STC8G1K08A-8PIN
*MCUID* : F794C4D40E9156
*FILENAME* : D:\GIT-Sync\STC8G1K08_Orin\build\Target 1\111.hex
*FILETIME* : 2024年01月30日, 10:15:26
*FILESIZE* : 1220 (0x0004C4)
*CODESIZE* : 428 (0x0001AC)
*CHECKSUM* : 0x0000ADFF
*ISPMODE* : 2
*ISPRESULT* : 0
--------------------
[2024-01-30 10:15:29] : End
--------------------------------------------------
[2024-01-30 10:17:38] : Begin
--------------------
*MCUTYPE* : STC8G1K08A-8PIN
*FILENAME* : D:\GIT-Sync\STC8G1K08_Orin\build\Target 1\111.hex
*FILETIME* : 2024年01月30日, 10:17:37
*FILESIZE* : 1265 (0x0004F1)
*CODESIZE* : 444 (0x0001BC)
*CHECKSUM* : 0x0000B3C7
*ISPMODE* : 2
*ISPRESULT* : 1
--------------------
[2024-01-30 10:19:59] : End
--------------------------------------------------
[2024-01-30 10:19:59] : Begin
--------------------
*MCUTYPE* : STC8G1K08A-8PIN
*MCUID* : F794C4D40E9156
*FILENAME* : D:\GIT-Sync\STC8G1K08_Orin\build\Target 1\111.hex
*FILETIME* : 2024年01月30日, 10:19:51
*FILESIZE* : 1249 (0x0004E1)
*CODESIZE* : 444 (0x0001BC)
*CHECKSUM* : 0x0000B3C7
*ISPMODE* : 2
*ISPRESULT* : 0
--------------------
[2024-01-30 10:20:02] : End
--------------------------------------------------
[2024-01-30 10:23:00] : Begin
--------------------
*MCUTYPE* : STC8G1K08A-8PIN
*FILENAME* : D:\GIT-Sync\STC8G1K08_Orin\build\Target 1\111.hex
*FILETIME* : 2024年01月30日, 10:22:59
*FILESIZE* : 1249 (0x0004E1)
*CODESIZE* : 436 (0x0001B4)
*CHECKSUM* : 0x0000B0EB
*ISPMODE* : 2
*ISPRESULT* : 1
--------------------
[2024-01-30 10:23:07] : End
--------------------------------------------------
[2024-01-30 10:23:08] : Begin
--------------------
*MCUTYPE* : STC8G1K08A-8PIN
*MCUID* : F794C4D40E9156
*FILENAME* : D:\GIT-Sync\STC8G1K08_Orin\build\Target 1\111.hex
*FILETIME* : 2024年01月30日, 10:22:59
*FILESIZE* : 1249 (0x0004E1)
*CODESIZE* : 436 (0x0001B4)
*CHECKSUM* : 0x0000B0EB
*ISPMODE* : 2
*ISPRESULT* : 0
--------------------
[2024-01-30 10:23:10] : End
--------------------------------------------------
[2024-01-30 10:24:11] : Begin
--------------------
*MCUTYPE* : STC8G1K08A-8PIN
*MCUID* : F794C4D40E9156
*FILENAME* : D:\GIT-Sync\STC8G1K08_Orin\build\Target 1\111.hex
*FILETIME* : 2024年01月30日, 10:24:10
*FILESIZE* : 1286 (0x000506)
*CODESIZE* : 449 (0x0001C1)
*CHECKSUM* : 0x0000B855
*ISPMODE* : 2
*ISPRESULT* : 0
--------------------
[2024-01-30 10:24:14] : End
--------------------------------------------------
[2024-01-30 10:24:59] : Begin
--------------------
*MCUTYPE* : STC8G1K08A-8PIN
*FILENAME* : D:\GIT-Sync\STC8G1K08_Orin\build\Target 1\111.hex
*FILETIME* : 2024年01月30日, 10:24:59
*FILESIZE* : 1272 (0x0004F8)
*CODESIZE* : 442 (0x0001BA)
*CHECKSUM* : 0x0000B6C3
*ISPMODE* : 2
*ISPRESULT* : 1
--------------------
[2024-01-30 10:25:05] : End
--------------------------------------------------
[2024-01-30 10:25:05] : Begin
--------------------
*MCUTYPE* : STC8G1K08A-8PIN
*MCUID* : F794C4D40E9156
*FILENAME* : D:\GIT-Sync\STC8G1K08_Orin\build\Target 1\111.hex
*FILETIME* : 2024年01月30日, 10:24:59
*FILESIZE* : 1272 (0x0004F8)
*CODESIZE* : 442 (0x0001BA)
*CHECKSUM* : 0x0000B6C3
*ISPMODE* : 2
*ISPRESULT* : 0
--------------------
[2024-01-30 10:25:08] : End
--------------------------------------------------
[2024-01-30 10:25:38] : Begin
--------------------
*MCUTYPE* : STC8G1K08A-8PIN
*MCUID* : F794C4D40E9156
*FILENAME* : D:\GIT-Sync\STC8G1K08_Orin\build\Target 1\111.hex
*FILETIME* : 2024年01月30日, 10:24:59
*FILESIZE* : 1272 (0x0004F8)
*CODESIZE* : 442 (0x0001BA)
*CHECKSUM* : 0x0000B6C3
*ISPMODE* : 2
*ISPRESULT* : 0
--------------------
[2024-01-30 10:25:40] : End
--------------------------------------------------
[2024-01-30 10:28:26] : Begin
--------------------
*MCUTYPE* : STC8G1K08A-8PIN
*MCUID* : F794C4D40E9156
*FILENAME* : D:\GIT-Sync\STC8G1K08_Orin\build\Target 1\111.hex
*FILETIME* : 2024年01月30日, 10:28:25
*FILESIZE* : 1304 (0x000518)
*CODESIZE* : 461 (0x0001CD)
*CHECKSUM* : 0x0000BE8B
*ISPMODE* : 2
*ISPRESULT* : 0
--------------------
[2024-01-30 10:28:28] : End
--------------------------------------------------
[2024-01-30 10:30:16] : Begin
--------------------
*MCUTYPE* : STC8G1K08A-8PIN
*MCUID* : F794C4D40E9156
*FILENAME* : D:\GIT-Sync\STC8G1K08_Orin\build\Target 1\111.hex
*FILETIME* : 2024年01月30日, 10:30:15
*FILESIZE* : 1331 (0x000533)
*CODESIZE* : 465 (0x0001D1)
*CHECKSUM* : 0x0000BE15
*ISPMODE* : 2
*ISPRESULT* : 0
--------------------
[2024-01-30 10:30:19] : End
--------------------------------------------------
[2024-01-30 10:34:06] : Begin
--------------------
*MCUTYPE* : STC8G1K08A-8PIN
*MCUID* : F794C4D40E9156
*FILENAME* : D:\GIT-Sync\STC8G1K08_Orin\build\Target 1\111.hex
*FILETIME* : 2024年01月30日, 10:34:05
*FILESIZE* : 1331 (0x000533)
*CODESIZE* : 465 (0x0001D1)
*CHECKSUM* : 0x0000BE13
*ISPMODE* : 2
*ISPRESULT* : 0
--------------------
[2024-01-30 10:34:09] : End
--------------------------------------------------
[2024-01-30 10:40:44] : Begin
--------------------
*MCUTYPE* : STC8G1K08A-8PIN
*MCUID* : F794C4D40E9156
*FILENAME* : D:\GIT-Sync\STC8G1K08_Orin\build\Target 1\111.hex
*FILETIME* : 2024年01月30日, 10:34:05
*FILESIZE* : 1331 (0x000533)
*CODESIZE* : 465 (0x0001D1)
*CHECKSUM* : 0x0000BE13
*ISPMODE* : 2
*ISPRESULT* : 0
--------------------
[2024-01-30 10:40:46] : End
--------------------------------------------------
[2024-01-30 10:41:06] : Begin
--------------------
*MCUTYPE* : STC8G1K08A-8PIN
*FILENAME* : D:\GIT-Sync\STC8G1K08_Orin\build\Target 1\111.hex
*FILETIME* : 2024年01月30日, 10:34:05
*FILESIZE* : 1331 (0x000533)
*CODESIZE* : 465 (0x0001D1)
*CHECKSUM* : 0x0000BE13
*ISPMODE* : 2
*ISPRESULT* : 1
--------------------
[2024-01-30 10:41:08] : End
--------------------------------------------------
[2024-01-30 10:42:22] : Begin
--------------------
*MCUTYPE* : STC8G1K08A-8PIN
*MCUID* : F794C4D40E9156
*FILENAME* : D:\GIT-Sync\STC8G1K08_Orin\build\Target 1\111.hex
*FILETIME* : 2024年01月30日, 10:42:21
*FILESIZE* : 1345 (0x000541)
*CODESIZE* : 476 (0x0001DC)
*CHECKSUM* : 0x0000BFDC
*ISPMODE* : 2
*ISPRESULT* : 0
--------------------
[2024-01-30 10:42:25] : End
--------------------------------------------------
[2024-01-30 10:43:39] : Begin
--------------------
*MCUTYPE* : STC8G1K08A-8PIN
*MCUID* : F794C4D40E9156
*FILENAME* : D:\GIT-Sync\STC8G1K08_Orin\build\Target 1\111.hex
*FILETIME* : 2024年01月30日, 10:43:38
*FILESIZE* : 1386 (0x00056A)
*CODESIZE* : 490 (0x0001EA)
*CHECKSUM* : 0x0000C3AE
*ISPMODE* : 2
*ISPRESULT* : 0
--------------------
[2024-01-30 10:43:42] : End
--------------------------------------------------
[2024-01-30 10:44:23] : Begin
--------------------
*MCUTYPE* : STC8G1K08A-8PIN
*MCUID* : F794C4D40E9156
*FILENAME* : D:\GIT-Sync\STC8G1K08_Orin\build\Target 1\111.hex
*FILETIME* : 2024年01月30日, 10:44:22
*FILESIZE* : 1359 (0x00054F)
*CODESIZE* : 483 (0x0001E3)
*CHECKSUM* : 0x0000C143
*ISPMODE* : 2
*ISPRESULT* : 0
--------------------
[2024-01-30 10:44:26] : End
--------------------------------------------------
[2024-01-30 10:52:06] : Begin
--------------------
*MCUTYPE* : STC8G1K08A-8PIN
*MCUID* : F794C4D40E9156
*FILENAME* : D:\GIT-Sync\STC8G1K08_Orin\build\Target 1\111.hex
*FILETIME* : 2024年01月30日, 10:52:05
*FILESIZE* : 1449 (0x0005A9)
*CODESIZE* : 515 (0x000203)
*CHECKSUM* : 0x0000D11F
*ISPMODE* : 2
*ISPRESULT* : 0
--------------------
[2024-01-30 10:52:09] : End
--------------------------------------------------
[2024-01-30 10:52:34] : Begin
--------------------
*MCUTYPE* : STC8G1K08A-8PIN
*MCUID* : F794C4D40E9156
*FILENAME* : D:\GIT-Sync\STC8G1K08_Orin\build\Target 1\111.hex
*FILETIME* : 2024年01月30日, 10:52:33
*FILESIZE* : 1494 (0x0005D6)
*CODESIZE* : 531 (0x000213)
*CHECKSUM* : 0x0000D243
*ISPMODE* : 2
*ISPRESULT* : 0
--------------------
[2024-01-30 10:52:37] : End
--------------------------------------------------
[2024-01-30 23:32:39] : Begin
--------------------
*MCUTYPE* : STC8G1K08A-8PIN
*FILENAME* : D:\GIT-Sync\STC8G1K08_Orin\build\Target 1\111.hex
*FILETIME* : 2024年01月30日, 10:52:33
*FILESIZE* : 1494 (0x0005D6)
*CODESIZE* : 531 (0x000213)
*CHECKSUM* : 0x0000D243
*ISPMODE* : 2
*ISPRESULT* : 1
--------------------
[2024-01-30 23:32:47] : End
--------------------------------------------------
[2024-01-30 23:33:02] : Begin
--------------------
*MCUTYPE* : STC8G1K08A-8PIN
*MCUID* : F794C4D40E9156
*FILENAME* : D:\GIT-Sync\STC8G1K08_Orin\build\Target 1\111.hex
*FILETIME* : 2024年01月30日, 10:52:33
*FILESIZE* : 1494 (0x0005D6)
*CODESIZE* : 531 (0x000213)
*CHECKSUM* : 0x0000D243
*ISPMODE* : 2
*ISPRESULT* : 0
--------------------
[2024-01-30 23:33:05] : End
--------------------------------------------------
