[2024-03-19 17:18:17] : Begin
--------------------
*MCUTYPE* : STC8G1K08-8PIN
*MCUID* : F7A4C48A217B31
*FILENAME* : D:\GIT-Sync\STC8G1K08_ALL\build\Target 1\111.hex
*FILETIME* : 2024年03月19日, 17:18:16
*FILESIZE* : 4667 (0x00123B)
*CODESIZE* : 1651 (0x000673)
*CHECKSUM* : 0x0002E30A
*ISPMODE* : 2
*ISPRESULT* : 0
--------------------
[2024-03-19 17:18:21] : End
--------------------------------------------------
[2024-03-19 17:18:32] : Begin
--------------------
*MCUTYPE* : STC8G1K08-8PIN
*MCUID* : F7A4C48A217B31
*FILENAME* : D:\GIT-Sync\STC8G1K08_ALL\build\Target 1\111.hex
*FILETIME* : 2024年03月19日, 17:18:31
*FILESIZE* : 4693 (0x001255)
*CODESIZE* : 1664 (0x000680)
*CHECKSUM* : 0x0002D672
*ISPMODE* : 2
*ISPRESULT* : 0
--------------------
[2024-03-19 17:18:36] : End
--------------------------------------------------
[2024-03-19 17:19:24] : Begin
--------------------
*MCUTYPE* : STC8G1K08-8PIN
*MCUID* : F7A4C48A217B31
*FILENAME* : D:\GIT-Sync\STC8G1K08_ALL\build\Target 1\111.hex
*FILETIME* : 2024年03月19日, 17:19:23
*FILESIZE* : 4673 (0x001241)
*CODESIZE* : 1654 (0x000676)
*CHECKSUM* : 0x0002E3DE
*ISPMODE* : 2
*ISPRESULT* : 0
--------------------
[2024-03-19 17:19:28] : End
--------------------------------------------------
[2024-03-19 17:20:35] : Begin
--------------------
*MCUTYPE* : STC8G1K08-8PIN
*MCUID* : F7A4C48A217B31
*FILENAME* : D:\GIT-Sync\STC8G1K08_ALL\build\Target 1\111.hex
*FILETIME* : 2024年03月19日, 17:20:34
*FILESIZE* : 4736 (0x001280)
*CODESIZE* : 1679 (0x00068F)
*CHECKSUM* : 0x0002DB37
*ISPMODE* : 2
*ISPRESULT* : 0
--------------------
[2024-03-19 17:20:39] : End
--------------------------------------------------
[2024-03-19 17:22:14] : Begin
--------------------
*MCUTYPE* : STC8G1K08-8PIN
*MCUID* : F7A4C48A217B31
*FILENAME* : D:\GIT-Sync\STC8G1K08_ALL\build\Target 1\111.hex
*FILETIME* : 2024年03月19日, 17:22:13
*FILESIZE* : 4812 (0x0012CC)
*CODESIZE* : 1704 (0x0006A8)
*CHECKSUM* : 0x0002E6D1
*ISPMODE* : 2
*ISPRESULT* : 0
--------------------
[2024-03-19 17:22:18] : End
--------------------------------------------------
[2024-03-19 17:22:41] : Begin
--------------------
*MCUTYPE* : STC8G1K08-8PIN
*MCUID* : F7A4C48A217B31
*FILENAME* : D:\GIT-Sync\STC8G1K08_ALL\build\Target 1\111.hex
*FILETIME* : 2024年03月19日, 17:22:40
*FILESIZE* : 4736 (0x001280)
*CODESIZE* : 1679 (0x00068F)
*CHECKSUM* : 0x0002D958
*ISPMODE* : 2
*ISPRESULT* : 0
--------------------
[2024-03-19 17:22:45] : End
--------------------------------------------------
[2024-03-19 17:27:07] : Begin
--------------------
*MCUTYPE* : STC8G1K08-8PIN
*MCUID* : F7A4C48A217B31
*FILENAME* : D:\GIT-Sync\STC8G1K08_ALL\build\Target 1\111.hex
*FILETIME* : 2024年03月19日, 17:27:06
*FILESIZE* : 4759 (0x001297)
*CODESIZE* : 1684 (0x000694)
*CHECKSUM* : 0x0002DCEE
*ISPMODE* : 2
*ISPRESULT* : 0
--------------------
[2024-03-19 17:27:11] : End
--------------------------------------------------
[2024-03-19 17:37:12] : Begin
--------------------
*MCUTYPE* : STC8G1K08-8PIN
*MCUID* : F7A4C48A217B31
*FILENAME* : D:\GIT-Sync\STC8G1K08_ALL\build\Target 1\111.hex
*FILETIME* : 2024年03月19日, 17:27:06
*FILESIZE* : 4759 (0x001297)
*CODESIZE* : 1684 (0x000694)
*CHECKSUM* : 0x0002DCEE
*ISPMODE* : 2
*ISPRESULT* : 0
--------------------
[2024-03-19 17:37:16] : End
--------------------------------------------------
[2024-03-19 17:43:54] : Begin
--------------------
*MCUTYPE* : STC8G1K08-8PIN
*MCUID* : F7A4C48A217B31
*FILENAME* : D:\GIT-Sync\STC8G1K08_ALL\build\Target 1\111.hex
*FILETIME* : 2024年03月19日, 17:27:06
*FILESIZE* : 4759 (0x001297)
*CODESIZE* : 1684 (0x000694)
*CHECKSUM* : 0x0002DCEE
*ISPMODE* : 2
*ISPRESULT* : 0
--------------------
[2024-03-19 17:43:58] : End
--------------------------------------------------
[2024-03-19 17:44:20] : Begin
--------------------
*MCUTYPE* : STC8G1K08-8PIN
*MCUID* : F7A4C48A217B31
*FILENAME* : D:\GIT-Sync\STC8G1K08_ALL\build\Target 1\111.hex
*FILETIME* : 2024年03月19日, 17:27:06
*FILESIZE* : 4759 (0x001297)
*CODESIZE* : 1684 (0x000694)
*CHECKSUM* : 0x0002DCEE
*ISPMODE* : 2
*ISPRESULT* : 0
--------------------
[2024-03-19 17:44:24] : End
--------------------------------------------------
[2024-03-19 20:19:19] : Begin
--------------------
*MCUTYPE* : STC8G1K08-8PIN
*MCUID* : F7A4C48A217B31
*FILENAME* : D:\GIT-Sync\STC8G1K08_ALL\build\Target 1\111.hex
*FILETIME* : 2024年03月19日, 20:19:18
*FILESIZE* : 4736 (0x001280)
*CODESIZE* : 1679 (0x00068F)
*CHECKSUM* : 0x0002D958
*ISPMODE* : 2
*ISPRESULT* : 0
--------------------
[2024-03-19 20:19:23] : End
--------------------------------------------------
[2024-03-19 20:24:20] : Begin
--------------------
*MCUTYPE* : STC8G1K08-8PIN
*MCUID* : F7A4C48A217B31
*FILENAME* : D:\GIT-Sync\STC8G1K08_ALL\build\Target 1\111.hex
*FILETIME* : 2024年03月19日, 20:24:18
*FILESIZE* : 4812 (0x0012CC)
*CODESIZE* : 1704 (0x0006A8)
*CHECKSUM* : 0x0002E6D1
*ISPMODE* : 2
*ISPRESULT* : 0
--------------------
[2024-03-19 20:24:23] : End
--------------------------------------------------
[2024-03-19 20:29:34] : Begin
--------------------
*MCUTYPE* : STC8G1K08-8PIN
*MCUID* : F7A4C48A217B31
*FILENAME* : D:\GIT-Sync\STC8G1K08_ALL\build\Target 1\111.hex
*FILETIME* : 2024年03月19日, 20:29:33
*FILESIZE* : 4859 (0x0012FB)
*CODESIZE* : 1721 (0x0006B9)
*CHECKSUM* : 0x0002EE12
*ISPMODE* : 2
*ISPRESULT* : 0
--------------------
[2024-03-19 20:29:38] : End
--------------------------------------------------
[2024-03-19 20:30:10] : Begin
--------------------
*MCUTYPE* : STC8G1K08-8PIN
*MCUID* : F7A4C48A217B31
*FILENAME* : D:\GIT-Sync\STC8G1K08_ALL\build\Target 1\111.hex
*FILETIME* : 2024年03月19日, 20:30:09
*FILESIZE* : 4908 (0x00132C)
*CODESIZE* : 1739 (0x0006CB)
*CHECKSUM* : 0x0002F4CC
*ISPMODE* : 2
*ISPRESULT* : 0
--------------------
[2024-03-19 20:30:14] : End
--------------------------------------------------
[2024-03-19 20:45:01] : Begin
--------------------
*MCUTYPE* : STC8G1K08-8PIN
*MCUID* : F7A4C48A217B31
*FILENAME* : D:\GIT-Sync\STC8G1K08_ALL\build\Target 1\111.hex
*FILETIME* : 2024年03月19日, 20:45:00
*FILESIZE* : 4736 (0x001280)
*CODESIZE* : 1679 (0x00068F)
*CHECKSUM* : 0x0002D958
*ISPMODE* : 2
*ISPRESULT* : 0
--------------------
[2024-03-19 20:45:05] : End
--------------------------------------------------
[2024-03-19 20:46:33] : Begin
--------------------
*MCUTYPE* : STC8G1K08-8PIN
*MCUID* : F7A4C48A217B31
*FILENAME* : D:\GIT-Sync\STC8G1K08_ALL\build\Target 1\111.hex
*FILETIME* : 2024年03月19日, 20:46:32
*FILESIZE* : 4759 (0x001297)
*CODESIZE* : 1684 (0x000694)
*CHECKSUM* : 0x0002DCEE
*ISPMODE* : 2
*ISPRESULT* : 0
--------------------
[2024-03-19 20:46:37] : End
--------------------------------------------------
[2024-03-19 22:35:02] : Begin
--------------------
*MCUTYPE* : STC8G1K08-8PIN
*MCUID* : F7A4C448214F3D
*FILENAME* : D:\GIT-Sync\STC8G1K08_ALL\build\Target 1\111.hex
*FILETIME* : 2024年03月19日, 22:35:02
*FILESIZE* : 4759 (0x001297)
*CODESIZE* : 1684 (0x000694)
*CHECKSUM* : 0x0002DCEF
*ISPMODE* : 2
*ISPRESULT* : 0
--------------------
[2024-03-19 22:35:06] : End
--------------------------------------------------
[2024-03-19 22:35:53] : Begin
--------------------
*MCUTYPE* : STC8G1K08-8PIN
*MCUID* : F7A4C415239427
*FILENAME* : D:\GIT-Sync\STC8G1K08_ALL\build\Target 1\111.hex
*FILETIME* : 2024年03月19日, 22:35:52
*FILESIZE* : 4759 (0x001297)
*CODESIZE* : 1684 (0x000694)
*CHECKSUM* : 0x0002DCF0
*ISPMODE* : 2
*ISPRESULT* : 0
--------------------
[2024-03-19 22:35:57] : End
--------------------------------------------------
