[2024-01-26 19:24:54] : Begin
--------------------
*MCUTYPE* : STC8G1K08A-8PIN
*FILENAME* : D:\GIT-Sync\STC8G1K\build\Target 1\111.hex
*FILETIME* : 2024年01月26日, 18:25:10
*FILESIZE* : 889 (0x000379)
*CODESIZE* : 308 (0x000134)
*CHECKSUM* : 0x0000B918
*ISPMODE* : 2
*ISPRESULT* : -1
--------------------
[2024-01-26 19:24:59] : End
--------------------------------------------------
[2024-01-26 19:25:05] : Begin
--------------------
*MCUTYPE* : STC8G1K08A-8PIN
*MCUID* : F794C4DA12AD2B
*FILENAME* : D:\GIT-Sync\STC8G1K\build\Target 1\111.hex
*FILETIME* : 2024年01月26日, 18:25:10
*FILESIZE* : 889 (0x000379)
*CODESIZE* : 308 (0x000134)
*CHECKSUM* : 0x0000B918
*ISPMODE* : 2
*ISPRESULT* : 0
--------------------
[2024-01-26 19:25:09] : End
--------------------------------------------------
[2024-01-26 19:25:36] : Begin
--------------------
*MCUTYPE* : STC8G1K08A-8PIN
*MCUID* : F794C4DA12ADA1
*FILENAME* : D:\GIT-Sync\STC8G1K\build\Target 1\111.hex
*FILETIME* : 2024年01月26日, 18:25:10
*FILESIZE* : 889 (0x000379)
*CODESIZE* : 308 (0x000134)
*CHECKSUM* : 0x0000B918
*ISPMODE* : 2
*ISPRESULT* : 0
--------------------
[2024-01-26 19:25:38] : End
--------------------------------------------------
[2024-01-26 19:25:42] : Begin
--------------------
*MCUTYPE* : STC8G1K08A-8PIN
*FILENAME* : D:\GIT-Sync\STC8G1K\build\Target 1\111.hex
*FILETIME* : 2024年01月26日, 18:25:10
*FILESIZE* : 889 (0x000379)
*CODESIZE* : 308 (0x000134)
*CHECKSUM* : 0x0000B918
*ISPMODE* : 2
*ISPRESULT* : 2
--------------------
[2024-01-26 19:25:47] : End
--------------------------------------------------
[2024-01-26 19:25:49] : Begin
--------------------
*MCUTYPE* : STC8G1K08A-8PIN
*FILENAME* : D:\GIT-Sync\STC8G1K\build\Target 1\111.hex
*FILETIME* : 2024年01月26日, 18:25:10
*FILESIZE* : 889 (0x000379)
*CODESIZE* : 308 (0x000134)
*CHECKSUM* : 0x0000B918
*ISPMODE* : 2
*ISPRESULT* : 2
--------------------
[2024-01-26 19:25:54] : End
--------------------------------------------------
[2024-01-26 19:25:59] : Begin
--------------------
*MCUTYPE* : STC8G1K08A-8PIN
*FILENAME* : D:\GIT-Sync\STC8G1K\build\Target 1\111.hex
*FILETIME* : 2024年01月26日, 18:25:10
*FILESIZE* : 889 (0x000379)
*CODESIZE* : 308 (0x000134)
*CHECKSUM* : 0x0000B918
*ISPMODE* : 2
*ISPRESULT* : 2
--------------------
[2024-01-26 19:26:04] : End
--------------------------------------------------
[2024-01-26 19:26:07] : Begin
--------------------
*MCUTYPE* : STC8G1K08A-8PIN
*MCUID* : F794C4DA12ADA1
*FILENAME* : D:\GIT-Sync\STC8G1K\build\Target 1\111.hex
*FILETIME* : 2024年01月26日, 18:25:10
*FILESIZE* : 889 (0x000379)
*CODESIZE* : 308 (0x000134)
*CHECKSUM* : 0x0000B918
*ISPMODE* : 2
*ISPRESULT* : 0
--------------------
[2024-01-26 19:26:09] : End
--------------------------------------------------
[2024-01-26 19:55:10] : Begin
--------------------
*MCUTYPE* : STC8G1K08A-8PIN
*FILENAME* : D:\GIT-Sync\STC8G1K\build\Target 1\111.hex
*FILETIME* : 2024年01月26日, 19:55:06
*FILESIZE* : 776 (0x000308)
*CODESIZE* : 308 (0x000134)
*CHECKSUM* : 0x0000B918
*ISPMODE* : 2
*ISPRESULT* : 2
--------------------
[2024-01-26 19:55:15] : End
--------------------------------------------------
[2024-01-26 19:57:05] : Begin
--------------------
*MCUTYPE* : STC8G1K08A-8PIN
*FILENAME* : D:\GIT-Sync\STC8G1K\build\Target 1\111.hex
*FILETIME* : 2024年01月26日, 19:55:06
*FILESIZE* : 776 (0x000308)
*CODESIZE* : 271 (0x00010F)
*CHECKSUM* : 0x00007906
*ISPMODE* : 2
*ISPRESULT* : 3
--------------------
[2024-01-26 19:57:09] : End
--------------------------------------------------
[2024-01-26 19:57:10] : Begin
--------------------
*MCUTYPE* : STC8G1K08A-8PIN
*FILENAME* : D:\GIT-Sync\STC8G1K\build\Target 1\111.hex
*FILETIME* : 2024年01月26日, 19:55:06
*FILESIZE* : 776 (0x000308)
*CODESIZE* : 271 (0x00010F)
*CHECKSUM* : 0x00007906
*ISPMODE* : 2
*ISPRESULT* : 2
--------------------
[2024-01-26 19:57:15] : End
--------------------------------------------------
[2024-01-26 19:57:19] : Begin
--------------------
*MCUTYPE* : STC8G1K08A-8PIN
*FILENAME* : D:\GIT-Sync\STC8G1K\build\Target 1\111.hex
*FILETIME* : 2024年01月26日, 19:55:06
*FILESIZE* : 776 (0x000308)
*CODESIZE* : 271 (0x00010F)
*CHECKSUM* : 0x00007906
*ISPMODE* : 2
*ISPRESULT* : 3
--------------------
[2024-01-26 19:57:24] : End
--------------------------------------------------
[2024-01-26 19:57:25] : Begin
--------------------
*MCUTYPE* : STC8G1K08A-8PIN
*FILENAME* : D:\GIT-Sync\STC8G1K\build\Target 1\111.hex
*FILETIME* : 2024年01月26日, 19:55:06
*FILESIZE* : 776 (0x000308)
*CODESIZE* : 271 (0x00010F)
*CHECKSUM* : 0x00007906
*ISPMODE* : 2
*ISPRESULT* : 3
--------------------
[2024-01-26 19:57:28] : End
--------------------------------------------------
[2024-01-26 19:57:29] : Begin
--------------------
*MCUTYPE* : STC8G1K08A-8PIN
*FILENAME* : D:\GIT-Sync\STC8G1K\build\Target 1\111.hex
*FILETIME* : 2024年01月26日, 19:55:06
*FILESIZE* : 776 (0x000308)
*CODESIZE* : 271 (0x00010F)
*CHECKSUM* : 0x00007906
*ISPMODE* : 1
*ISPRESULT* : -1
--------------------
[2024-01-26 19:57:31] : End
--------------------------------------------------
[2024-01-26 19:57:36] : Begin
--------------------
*MCUTYPE* : STC8G1K08A-8PIN
*FILENAME* : D:\GIT-Sync\STC8G1K\build\Target 1\111.hex
*FILETIME* : 2024年01月26日, 19:55:06
*FILESIZE* : 776 (0x000308)
*CODESIZE* : 271 (0x00010F)
*CHECKSUM* : 0x00007906
*ISPMODE* : 2
*ISPRESULT* : 3
--------------------
[2024-01-26 19:57:41] : End
--------------------------------------------------
[2024-01-26 19:57:45] : Begin
--------------------
*MCUTYPE* : STC8G1K08A-8PIN
*FILENAME* : D:\GIT-Sync\STC8G1K\build\Target 1\111.hex
*FILETIME* : 2024年01月26日, 19:55:06
*FILESIZE* : 776 (0x000308)
*CODESIZE* : 271 (0x00010F)
*CHECKSUM* : 0x00007906
*ISPMODE* : 1
*ISPRESULT* : 2
--------------------
[2024-01-26 19:57:50] : End
--------------------------------------------------
[2024-01-26 19:57:52] : Begin
--------------------
*MCUTYPE* : STC8G1K08A-8PIN
*FILENAME* : D:\GIT-Sync\STC8G1K\build\Target 1\111.hex
*FILETIME* : 2024年01月26日, 19:55:06
*FILESIZE* : 776 (0x000308)
*CODESIZE* : 271 (0x00010F)
*CHECKSUM* : 0x00007906
*ISPMODE* : 1
*ISPRESULT* : 2
--------------------
[2024-01-26 19:57:57] : End
--------------------------------------------------
[2024-01-26 19:58:16] : Begin
--------------------
*MCUTYPE* : STC8G1K08A-8PIN
*FILENAME* : D:\GIT-Sync\STC8G1K\build\Target 1\111.hex
*FILETIME* : 2024年01月26日, 19:55:06
*FILESIZE* : 776 (0x000308)
*CODESIZE* : 271 (0x00010F)
*CHECKSUM* : 0x00007906
*ISPMODE* : 2
*ISPRESULT* : -1
--------------------
[2024-01-26 19:58:20] : End
--------------------------------------------------
[2024-01-26 19:58:27] : Begin
--------------------
*MCUTYPE* : STC8G1K08A-8PIN
*MCUID* : F794C4D40E9156
*FILENAME* : D:\GIT-Sync\STC8G1K\build\Target 1\111.hex
*FILETIME* : 2024年01月26日, 19:55:06
*FILESIZE* : 776 (0x000308)
*CODESIZE* : 271 (0x00010F)
*CHECKSUM* : 0x00007906
*ISPMODE* : 2
*ISPRESULT* : 0
--------------------
[2024-01-26 19:58:30] : End
--------------------------------------------------
[2024-01-26 20:15:31] : Begin
--------------------
*MCUTYPE* : STC8G1K08A-8PIN
*FILENAME* : D:\GIT-Sync\STC8G1K\build\Target 1\111.hex
*FILETIME* : 2024年01月26日, 20:15:30
*FILESIZE* : 776 (0x000308)
*CODESIZE* : 271 (0x00010F)
*CHECKSUM* : 0x000078A1
*ISPMODE* : 2
*ISPRESULT* : -1
--------------------
[2024-01-26 20:15:38] : End
--------------------------------------------------
[2024-01-26 20:15:44] : Begin
--------------------
*MCUTYPE* : STC8G1K08A-8PIN
*MCUID* : F794C4D40E9156
*FILENAME* : D:\GIT-Sync\STC8G1K\build\Target 1\111.hex
*FILETIME* : 2024年01月26日, 20:15:30
*FILESIZE* : 776 (0x000308)
*CODESIZE* : 271 (0x00010F)
*CHECKSUM* : 0x000078A1
*ISPMODE* : 2
*ISPRESULT* : 0
--------------------
[2024-01-26 20:15:47] : End
--------------------------------------------------
[2024-01-26 21:41:03] : Begin
--------------------
*MCUTYPE* : STC8G1K08A-8PIN
*FILENAME* : D:\GIT-Sync\STC8G1K\build\Target 1\111.hex
*FILETIME* : 2024年01月26日, 21:41:02
*FILESIZE* : 584 (0x000248)
*CODESIZE* : 208 (0x0000D0)
*CHECKSUM* : 0x0000680F
*ISPMODE* : 2
*ISPRESULT* : -1
--------------------
[2024-01-26 21:41:06] : End
--------------------------------------------------
[2024-01-26 21:42:17] : Begin
--------------------
*MCUTYPE* : STC8G1K08A-8PIN
*MCUID* : F794C4D40E9156
*FILENAME* : D:\GIT-Sync\STC8G1K\build\Target 1\111.hex
*FILETIME* : 2024年01月26日, 21:41:02
*FILESIZE* : 584 (0x000248)
*CODESIZE* : 208 (0x0000D0)
*CHECKSUM* : 0x0000680F
*ISPMODE* : 2
*ISPRESULT* : 0
--------------------
[2024-01-26 21:42:20] : End
--------------------------------------------------
[2024-01-26 21:43:08] : Begin
--------------------
*MCUTYPE* : STC8G1K08A-8PIN
*FILENAME* : D:\GIT-Sync\STC8G1K\build\Target 1\111.hex
*FILETIME* : 2024年01月26日, 21:43:07
*FILESIZE* : 776 (0x000308)
*CODESIZE* : 271 (0x00010F)
*CHECKSUM* : 0x000078A1
*ISPMODE* : 2
*ISPRESULT* : 2
--------------------
[2024-01-26 21:43:13] : End
--------------------------------------------------
[2024-01-26 21:43:19] : Begin
--------------------
*MCUTYPE* : STC8G1K08A-8PIN
*MCUID* : F794C4D40E9156
*FILENAME* : D:\GIT-Sync\STC8G1K\build\Target 1\111.hex
*FILETIME* : 2024年01月26日, 21:43:07
*FILESIZE* : 776 (0x000308)
*CODESIZE* : 271 (0x00010F)
*CHECKSUM* : 0x000078A1
*ISPMODE* : 2
*ISPRESULT* : 0
--------------------
[2024-01-26 21:43:22] : End
--------------------------------------------------
[2024-01-26 22:01:40] : Begin
--------------------
*MCUTYPE* : STC8G1K08A-8PIN
*FILENAME* : D:\GIT-Sync\STC8G1K\build\Target 1\111.hex
*FILETIME* : 2024年01月26日, 22:01:39
*FILESIZE* : 842 (0x00034A)
*CODESIZE* : 291 (0x000123)
*CHECKSUM* : 0x000080E2
*ISPMODE* : 2
*ISPRESULT* : 2
--------------------
[2024-01-26 22:01:56] : End
--------------------------------------------------
[2024-01-26 22:02:08] : Begin
--------------------
*MCUTYPE* : STC8G1K08A-8PIN
*MCUID* : F794C4D40E9156
*FILENAME* : D:\GIT-Sync\STC8G1K\build\Target 1\111.hex
*FILETIME* : 2024年01月26日, 22:01:39
*FILESIZE* : 842 (0x00034A)
*CODESIZE* : 291 (0x000123)
*CHECKSUM* : 0x000080E2
*ISPMODE* : 2
*ISPRESULT* : 0
--------------------
[2024-01-26 22:02:12] : End
--------------------------------------------------
[2024-01-26 22:04:33] : Begin
--------------------
*MCUTYPE* : STC8G1K08A-8PIN
*MCUID* : F794C4D40E9156
*FILENAME* : D:\GIT-Sync\STC8G1K\build\Target 1\111.hex
*FILETIME* : 2024年01月26日, 22:04:32
*FILESIZE* : 909 (0x00038D)
*CODESIZE* : 318 (0x00013E)
*CHECKSUM* : 0x00008FAA
*ISPMODE* : 2
*ISPRESULT* : 0
--------------------
[2024-01-26 22:04:38] : End
--------------------------------------------------
[2024-01-26 22:10:06] : Begin
--------------------
*MCUTYPE* : STC8G1K08A-8PIN
*FILENAME* : D:\GIT-Sync\STC8G1K\build\Target 1\111.hex
*FILETIME* : 2024年01月26日, 22:04:32
*FILESIZE* : 909 (0x00038D)
*CODESIZE* : 318 (0x00013E)
*CHECKSUM* : 0x00008FAA
*ISPMODE* : 2
*ISPRESULT* : 3
--------------------
[2024-01-26 22:10:08] : End
--------------------------------------------------
[2024-01-26 22:11:00] : Begin
--------------------
*MCUTYPE* : STC8G1K08A-8PIN
*FILENAME* : D:\GIT-Sync\STC8G1K\build\Target 1\111.hex
*FILETIME* : 2024年01月26日, 22:04:32
*FILESIZE* : 909 (0x00038D)
*CODESIZE* : 318 (0x00013E)
*CHECKSUM* : 0x00008FAA
*ISPMODE* : 2
*ISPRESULT* : -1
--------------------
[2024-01-26 22:11:01] : End
--------------------------------------------------
[2024-01-26 22:11:22] : Begin
--------------------
*MCUTYPE* : STC8G1K08A-8PIN
*FILENAME* : D:\GIT-Sync\STC8G1K\build\Target 1\111.hex
*FILETIME* : 2024年01月26日, 22:04:32
*FILESIZE* : 909 (0x00038D)
*CODESIZE* : 318 (0x00013E)
*CHECKSUM* : 0x00008FAA
*ISPMODE* : 2
*ISPRESULT* : 3
--------------------
[2024-01-26 22:11:26] : End
--------------------------------------------------
[2024-01-26 22:12:54] : Begin
--------------------
*MCUTYPE* : STC8G1K08A-8PIN
*MCUID* : F794C4D40E9156
*FILENAME* : D:\GIT-Sync\STC8G1K\build\Target 1\111.hex
*FILETIME* : 2024年01月26日, 22:04:32
*FILESIZE* : 909 (0x00038D)
*CODESIZE* : 318 (0x00013E)
*CHECKSUM* : 0x00008FAA
*ISPMODE* : 2
*ISPRESULT* : 0
--------------------
[2024-01-26 22:12:59] : End
--------------------------------------------------
[2024-01-26 22:24:41] : Begin
--------------------
*MCUTYPE* : STC8G1K08A-8PIN
*MCUID* : F794C4D40E9156
*FILENAME* : D:\GIT-Sync\STC8G1K\build\Target 1\111.hex
*FILETIME* : 2024年01月26日, 22:24:40
*FILESIZE* : 699 (0x0002BB)
*CODESIZE* : 246 (0x0000F6)
*CHECKSUM* : 0x00007C7D
*ISPMODE* : 2
*ISPRESULT* : 0
--------------------
[2024-01-26 22:24:48] : End
--------------------------------------------------
[2024-01-26 22:29:56] : Begin
--------------------
*MCUTYPE* : STC8G1K08A-8PIN
*MCUID* : F794C4D40E9156
*FILENAME* : D:\GIT-Sync\2、clean_VSc备份：正在开发5x4按键\build\STC8G2K64S4\SEEKFREE.hex
*FILETIME* : 2024年01月26日, 22:29:33
*FILESIZE* : 13516 (0x0034CC)
*CODESIZE* : 4819 (0x0012D3)
*CHECKSUM* : 0x000A5AB2
*ISPMODE* : 2
*ISPRESULT* : 0
--------------------
[2024-01-26 22:30:00] : End
--------------------------------------------------
[2024-01-26 22:30:12] : Begin
--------------------
*MCUTYPE* : STC8G1K08A-8PIN
*FILENAME* : D:\GIT-Sync\2、clean_VSc备份：正在开发5x4按键\build\STC8G2K64S4\SEEKFREE.hex
*FILETIME* : 2024年01月26日, 22:29:33
*FILESIZE* : 13516 (0x0034CC)
*CODESIZE* : 4819 (0x0012D3)
*CHECKSUM* : 0x000A5AB2
*ISPMODE* : 2
*ISPRESULT* : 3
--------------------
[2024-01-26 22:30:14] : End
--------------------------------------------------
[2024-01-26 22:31:39] : Begin
--------------------
*MCUTYPE* : STC8G1K08A-8PIN
*MCUID* : F794C4D40E9156
*FILENAME* : D:\GIT-Sync\2、clean_VSc备份：正在开发5x4按键\build\STC8G2K64S4\SEEKFREE.hex
*FILETIME* : 2024年01月26日, 22:31:38
*FILESIZE* : 13238 (0x0033B6)
*CODESIZE* : 4739 (0x001283)
*CHECKSUM* : 0x000A3996
*ISPMODE* : 2
*ISPRESULT* : 0
--------------------
[2024-01-26 22:31:44] : End
--------------------------------------------------
[2024-01-26 22:32:02] : Begin
--------------------
*MCUTYPE* : STC8G1K08A-8PIN
*MCUID* : F794C4D40E9156
*FILENAME* : D:\GIT-Sync\2、clean_VSc备份：正在开发5x4按键\build\STC8G2K64S4\SEEKFREE.hex
*FILETIME* : 2024年01月26日, 22:31:38
*FILESIZE* : 13238 (0x0033B6)
*CODESIZE* : 4739 (0x001283)
*CHECKSUM* : 0x000A3996
*ISPMODE* : 2
*ISPRESULT* : 0
--------------------
[2024-01-26 22:32:07] : End
--------------------------------------------------
[2024-01-26 22:32:14] : Begin
--------------------
*MCUTYPE* : STC8G1K08A-8PIN
*FILENAME* : D:\GIT-Sync\2、clean_VSc备份：正在开发5x4按键\build\STC8G2K64S4\SEEKFREE.hex
*FILETIME* : 2024年01月26日, 22:31:38
*FILESIZE* : 13238 (0x0033B6)
*CODESIZE* : 4739 (0x001283)
*CHECKSUM* : 0x000A3996
*ISPMODE* : 2
*ISPRESULT* : 3
--------------------
[2024-01-26 22:32:15] : End
--------------------------------------------------
[2024-01-26 22:40:05] : Begin
--------------------
*MCUTYPE* : STC8G1K08A-8PIN
*MCUID* : F794C4D40E9156
*FILENAME* : C:\Users\ZHH1\Downloads\STC8G-STC8H-LIB-DEMO-CODE\独立程序\06-串口1中断模式与电脑收发测试\list\UART1.hex
*FILETIME* : 2024年01月26日, 22:39:19
*FILESIZE* : 10958 (0x002ACE)
*CODESIZE* : 3911 (0x000F47)
*CHECKSUM* : 0x00068D73
*ISPMODE* : 2
*ISPRESULT* : 0
--------------------
[2024-01-26 22:40:09] : End
--------------------------------------------------
[2024-01-26 22:40:50] : Begin
--------------------
*MCUTYPE* : STC8G1K08A-8PIN
*MCUID* : F794C4D40E9156
*FILENAME* : C:\Users\ZHH1\Downloads\STC8G-STC8H-LIB-DEMO-CODE\独立程序\06-串口1中断模式与电脑收发测试\list\UART1.hex
*FILETIME* : 2024年01月26日, 22:39:19
*FILESIZE* : 10958 (0x002ACE)
*CODESIZE* : 3911 (0x000F47)
*CHECKSUM* : 0x00068D73
*ISPMODE* : 2
*ISPRESULT* : 0
--------------------
[2024-01-26 22:40:54] : End
--------------------------------------------------
[2024-01-26 22:59:55] : Begin
--------------------
*MCUTYPE* : STC8G1K08A-8PIN
*MCUID* : F794C4D40E9156
*FILENAME* : D:\GIT-Sync\STC8G1K\build\Target 1\111.hex
*FILETIME* : 2024年01月26日, 22:59:39
*FILESIZE* : 4867 (0x001303)
*CODESIZE* : 1730 (0x0006C2)
*CHECKSUM* : 0x0003B7A0
*ISPMODE* : 2
*ISPRESULT* : 0
--------------------
[2024-01-26 22:59:59] : End
--------------------------------------------------
